This is pdfTeX, Version 3.141592653-2.6-1.40.28 (TeX Live 2025) (preloaded format=pdflatex 2025.10.10)  11 DEC 2025 13:26
entering extended mode
 restricted \write18 enabled.
 file:line:error style messages enabled.
 %&-line parsing enabled.
**c:/Users/aless/Desktop/TD_ale/TD/Es_09/presentazione/presentazione.tex
(c:/Users/aless/Desktop/TD_ale/TD/Es_09/presentazione/presentazione.tex
LaTeX2e <2025-06-01> patch level 1
L3 programming layer <2025-09-02>
(c:/texlive/2025/texmf-dist/tex/latex/beamer/beamer.cls
Document Class: beamer 2025/08/13 v3.76 A class for typesetting presentations
(c:/texlive/2025/texmf-dist/tex/latex/beamer/beamerbasemodes.sty (c:/texlive/2025/texmf-dist/tex/latex/etoolbox/etoolbox.sty
Package: etoolbox 2025/10/02 v2.5m e-TeX tools for LaTeX (JAW)
\etb@tempcnta=\count275
)
\beamer@tempbox=\box53
\beamer@tempcount=\count276
\c@beamerpauses=\count277
 (c:/texlive/2025/texmf-dist/tex/latex/beamer/beamerbasedecode.sty
\beamer@slideinframe=\count278
\beamer@minimum=\count279
\beamer@decode@box=\box54
)
\beamer@commentbox=\box55
\beamer@modecount=\count280
) (c:/texlive/2025/texmf-dist/tex/generic/iftex/iftex.sty
Package: iftex 2024/12/12 v1.0g TeX engine tests
)
\headdp=\dimen148
\footheight=\dimen149
\sidebarheight=\dimen150
\beamer@tempdim=\dimen151
\beamer@finalheight=\dimen152
\beamer@animht=\dimen153
\beamer@animdp=\dimen154
\beamer@animwd=\dimen155
\beamer@leftmargin=\dimen156
\beamer@rightmargin=\dimen157
\beamer@leftsidebar=\dimen158
\beamer@rightsidebar=\dimen159
\beamer@boxsize=\dimen160
\beamer@vboxoffset=\dimen161
\beamer@descdefault=\dimen162
\beamer@descriptionwidth=\dimen163
\beamer@lastskip=\skip49
\beamer@areabox=\box56
\beamer@animcurrent=\box57
\beamer@animshowbox=\box58
\beamer@sectionbox=\box59
\beamer@logobox=\box60
\beamer@linebox=\box61
\beamer@sectioncount=\count281
\beamer@subsubsectionmax=\count282
\beamer@subsectionmax=\count283
\beamer@sectionmax=\count284
\beamer@totalheads=\count285
\beamer@headcounter=\count286
\beamer@partstartpage=\count287
\beamer@sectionstartpage=\count288
\beamer@subsectionstartpage=\count289
\beamer@animationtempa=\count290
\beamer@animationtempb=\count291
\beamer@xpos=\count292
\beamer@ypos=\count293
\beamer@ypos@offset=\count294
\beamer@showpartnumber=\count295
\beamer@currentsubsection=\count296
\beamer@coveringdepth=\count297
\beamer@sectionadjust=\count298
\beamer@toclastsection=\count299
\beamer@tocsectionnumber=\count300
 (c:/texlive/2025/texmf-dist/tex/latex/beamer/beamerbaseoptions.sty (c:/texlive/2025/texmf-dist/tex/latex/graphics/keyval.sty
Package: keyval 2022/05/29 v1.15 key=value parser (DPC)
\KV@toks@=\toks17
))
\beamer@paperwidth=\skip50
\beamer@paperheight=\skip51
 (c:/texlive/2025/texmf-dist/tex/latex/geometry/geometry.sty
Package: geometry 2020/01/02 v5.9 Page Geometry
 (c:/texlive/2025/texmf-dist/tex/generic/iftex/ifvtex.sty
Package: ifvtex 2019/10/25 v1.7 ifvtex legacy package. Use iftex instead.
)
\Gm@cnth=\count301
\Gm@cntv=\count302
\c@Gm@tempcnt=\count303
\Gm@bindingoffset=\dimen164
\Gm@wd@mp=\dimen165
\Gm@odd@mp=\dimen166
\Gm@even@mp=\dimen167
\Gm@layoutwidth=\dimen168
\Gm@layoutheight=\dimen169
\Gm@layouthoffset=\dimen170
\Gm@layoutvoffset=\dimen171
\Gm@dimlist=\toks18
) (c:/texlive/2025/texmf-dist/tex/latex/pgf/math/pgfmath.sty (c:/texlive/2025/texmf-dist/tex/latex/pgf/utilities/pgfrcs.sty (c:/texlive/2025/texmf-dist/tex/generic/pgf/utilities/pgfutil-common.tex
\pgfutil@everybye=\toks19
\pgfutil@tempdima=\dimen172
\pgfutil@tempdimb=\dimen173
) (c:/texlive/2025/texmf-dist/tex/generic/pgf/utilities/pgfutil-latex.def
\pgfutil@abb=\box62
) (c:/texlive/2025/texmf-dist/tex/generic/pgf/utilities/pgfrcs.code.tex (c:/texlive/2025/texmf-dist/tex/generic/pgf/pgf.revision.tex)
Package: pgfrcs 2025-08-29 v3.1.11a (3.1.11a)
)) (c:/texlive/2025/texmf-dist/tex/latex/pgf/utilities/pgfkeys.sty (c:/texlive/2025/texmf-dist/tex/generic/pgf/utilities/pgfkeys.code.tex
\pgfkeys@pathtoks=\toks20
\pgfkeys@temptoks=\toks21
 (c:/texlive/2025/texmf-dist/tex/generic/pgf/utilities/pgfkeyslibraryfiltered.code.tex
\pgfkeys@tmptoks=\toks22
))) (c:/texlive/2025/texmf-dist/tex/generic/pgf/math/pgfmath.code.tex (c:/texlive/2025/texmf-dist/tex/generic/pgf/math/pgfmathutil.code.tex
\pgf@x=\dimen174
\pgf@xa=\dimen175
\pgf@xb=\dimen176
\pgf@xc=\dimen177
\pgf@y=\dimen178
\pgf@ya=\dimen179
\pgf@yb=\dimen180
\pgf@yc=\dimen181
\c@pgf@counta=\count304
\c@pgf@countb=\count305
\c@pgf@countc=\count306
\c@pgf@countd=\count307
) (c:/texlive/2025/texmf-dist/tex/generic/pgf/math/pgfmathparser.code.tex
\pgfmath@dimen=\dimen182
\pgfmath@count=\count308
\pgfmath@box=\box63
\pgfmath@toks=\toks23
\pgfmath@stack@operand=\toks24
\pgfmath@stack@operation=\toks25
) (c:/texlive/2025/texmf-dist/tex/generic/pgf/math/pgfmathfunctions.code.tex) (c:/texlive/2025/texmf-dist/tex/generic/pgf/math/pgfmathfunctions.basic.code.tex) (c:/texlive/2025/texmf-dist/tex/generic/pgf/math/pgfmathfunctions.trigonometric.code.tex) (c:/texlive/2025/texmf-dist/tex/generic/pgf/math/pgfmathfunctions.random.code.tex) (c:/texlive/2025/texmf-dist/tex/generic/pgf/math/pgfmathfunctions.comparison.code.tex) (c:/texlive/2025/texmf-dist/tex/generic/pgf/math/pgfmathfunctions.base.code.tex) (c:/texlive/2025/texmf-dist/tex/generic/pgf/math/pgfmathfunctions.round.code.tex) (c:/texlive/2025/texmf-dist/tex/generic/pgf/math/pgfmathfunctions.misc.code.tex) (c:/texlive/2025/texmf-dist/tex/generic/pgf/math/pgfmathfunctions.integerarithmetics.code.tex) (c:/texlive/2025/texmf-dist/tex/generic/pgf/math/pgfmathcalc.code.tex) (c:/texlive/2025/texmf-dist/tex/generic/pgf/math/pgfmathfloat.code.tex
\c@pgfmathroundto@lastzeros=\count309
))) (c:/texlive/2025/texmf-dist/tex/latex/base/size10.clo
File: size10.clo 2025/01/22 v1.4n Standard LaTeX file (size option)
) (c:/texlive/2025/texmf-dist/tex/latex/pgf/basiclayer/pgfcore.sty (c:/texlive/2025/texmf-dist/tex/latex/graphics/graphicx.sty
Package: graphicx 2024/12/31 v1.2e Enhanced LaTeX Graphics (DPC,SPQR)
 (c:/texlive/2025/texmf-dist/tex/latex/graphics/graphics.sty
Package: graphics 2024/08/06 v1.4g Standard LaTeX Graphics (DPC,SPQR)
 (c:/texlive/2025/texmf-dist/tex/latex/graphics/trig.sty
Package: trig 2023/12/02 v1.11 sin cos tan (DPC)
) (c:/texlive/2025/texmf-dist/tex/latex/graphics-cfg/graphics.cfg
File: graphics.cfg 2016/06/04 v1.11 sample graphics configuration
)
Package graphics Info: Driver file: pdftex.def on input line 106.
 (c:/texlive/2025/texmf-dist/tex/latex/graphics-def/pdftex.def
File: pdftex.def 2025/09/29 v1.2d Graphics/color driver for pdftex
))
\Gin@req@height=\dimen183
\Gin@req@width=\dimen184
) (c:/texlive/2025/texmf-dist/tex/latex/pgf/systemlayer/pgfsys.sty (c:/texlive/2025/texmf-dist/tex/generic/pgf/systemlayer/pgfsys.code.tex
Package: pgfsys 2025-08-29 v3.1.11a (3.1.11a)
\pgf@x=\dimen185
\pgf@y=\dimen186
\pgf@xa=\dimen187
\pgf@ya=\dimen188
\pgf@xb=\dimen189
\pgf@yb=\dimen190
\pgf@xc=\dimen191
\pgf@yc=\dimen192
\pgf@xd=\dimen193
\pgf@yd=\dimen194
\w@pgf@writea=\write3
\r@pgf@reada=\read2
\c@pgf@counta=\count310
\c@pgf@countb=\count311
\c@pgf@countc=\count312
\c@pgf@countd=\count313
\t@pgf@toka=\toks26
\t@pgf@tokb=\toks27
\t@pgf@tokc=\toks28
\pgf@sys@id@count=\count314
 (c:/texlive/2025/texmf-dist/tex/generic/pgf/systemlayer/pgf.cfg
File: pgf.cfg 2025-08-29 v3.1.11a (3.1.11a)
)
Driver file for pgf: pgfsys-pdftex.def
 (c:/texlive/2025/texmf-dist/tex/generic/pgf/systemlayer/pgfsys-pdftex.def
File: pgfsys-pdftex.def 2025-08-29 v3.1.11a (3.1.11a)
 (c:/texlive/2025/texmf-dist/tex/generic/pgf/systemlayer/pgfsys-common-pdf.def
File: pgfsys-common-pdf.def 2025-08-29 v3.1.11a (3.1.11a)
))) (c:/texlive/2025/texmf-dist/tex/generic/pgf/systemlayer/pgfsyssoftpath.code.tex
File: pgfsyssoftpath.code.tex 2025-08-29 v3.1.11a (3.1.11a)
\pgfsyssoftpath@smallbuffer@items=\count315
\pgfsyssoftpath@bigbuffer@items=\count316
) (c:/texlive/2025/texmf-dist/tex/generic/pgf/systemlayer/pgfsysprotocol.code.tex
File: pgfsysprotocol.code.tex 2025-08-29 v3.1.11a (3.1.11a)
)) (c:/texlive/2025/texmf-dist/tex/latex/xcolor/xcolor.sty
Package: xcolor 2024/09/29 v3.02 LaTeX color extensions (UK)
 (c:/texlive/2025/texmf-dist/tex/latex/graphics-cfg/color.cfg
File: color.cfg 2016/01/02 v1.6 sample color configuration
)
Package xcolor Info: Driver file: pdftex.def on input line 274.
 (c:/texlive/2025/texmf-dist/tex/latex/graphics/mathcolor.ltx)
Package xcolor Info: Model `cmy' substituted by `cmy0' on input line 1349.
Package xcolor Info: Model `hsb' substituted by `rgb' on input line 1353.
Package xcolor Info: Model `RGB' extended on input line 1365.
Package xcolor Info: Model `HTML' substituted by `rgb' on input line 1367.
Package xcolor Info: Model `Hsb' substituted by `hsb' on input line 1368.
Package xcolor Info: Model `tHsb' substituted by `hsb' on input line 1369.
Package xcolor Info: Model `HSB' substituted by `hsb' on input line 1370.
Package xcolor Info: Model `Gray' substituted by `gray' on input line 1371.
Package xcolor Info: Model `wave' substituted by `hsb' on input line 1372.
) (c:/texlive/2025/texmf-dist/tex/generic/pgf/basiclayer/pgfcore.code.tex
Package: pgfcore 2025-08-29 v3.1.11a (3.1.11a)
 (c:/texlive/2025/texmf-dist/tex/generic/pgf/math/pgfint.code.tex) (c:/texlive/2025/texmf-dist/tex/generic/pgf/basiclayer/pgfcorepoints.code.tex
File: pgfcorepoints.code.tex 2025-08-29 v3.1.11a (3.1.11a)
\pgf@picminx=\dimen195
\pgf@picmaxx=\dimen196
\pgf@picminy=\dimen197
\pgf@picmaxy=\dimen198
\pgf@pathminx=\dimen199
\pgf@pathmaxx=\dimen256
\pgf@pathminy=\dimen257
\pgf@pathmaxy=\dimen258
\pgf@xx=\dimen259
\pgf@xy=\dimen260
\pgf@yx=\dimen261
\pgf@yy=\dimen262
\pgf@zx=\dimen263
\pgf@zy=\dimen264
) (c:/texlive/2025/texmf-dist/tex/generic/pgf/basiclayer/pgfcorepathconstruct.code.tex
File: pgfcorepathconstruct.code.tex 2025-08-29 v3.1.11a (3.1.11a)
\pgf@path@lastx=\dimen265
\pgf@path@lasty=\dimen266
) (c:/texlive/2025/texmf-dist/tex/generic/pgf/basiclayer/pgfcorepathusage.code.tex
File: pgfcorepathusage.code.tex 2025-08-29 v3.1.11a (3.1.11a)
\pgf@shorten@end@additional=\dimen267
\pgf@shorten@start@additional=\dimen268
) (c:/texlive/2025/texmf-dist/tex/generic/pgf/basiclayer/pgfcorescopes.code.tex
File: pgfcorescopes.code.tex 2025-08-29 v3.1.11a (3.1.11a)
\pgfpic=\box64
\pgf@hbox=\box65
\pgf@layerbox@main=\box66
\pgf@picture@serial@count=\count317
) (c:/texlive/2025/texmf-dist/tex/generic/pgf/basiclayer/pgfcoregraphicstate.code.tex
File: pgfcoregraphicstate.code.tex 2025-08-29 v3.1.11a (3.1.11a)
\pgflinewidth=\dimen269
) (c:/texlive/2025/texmf-dist/tex/generic/pgf/basiclayer/pgfcoretransformations.code.tex
File: pgfcoretransformations.code.tex 2025-08-29 v3.1.11a (3.1.11a)
\pgf@pt@x=\dimen270
\pgf@pt@y=\dimen271
\pgf@pt@temp=\dimen272
) (c:/texlive/2025/texmf-dist/tex/generic/pgf/basiclayer/pgfcorequick.code.tex
File: pgfcorequick.code.tex 2025-08-29 v3.1.11a (3.1.11a)
) (c:/texlive/2025/texmf-dist/tex/generic/pgf/basiclayer/pgfcoreobjects.code.tex
File: pgfcoreobjects.code.tex 2025-08-29 v3.1.11a (3.1.11a)
) (c:/texlive/2025/texmf-dist/tex/generic/pgf/basiclayer/pgfcorepathprocessing.code.tex
File: pgfcorepathprocessing.code.tex 2025-08-29 v3.1.11a (3.1.11a)
) (c:/texlive/2025/texmf-dist/tex/generic/pgf/basiclayer/pgfcorearrows.code.tex
File: pgfcorearrows.code.tex 2025-08-29 v3.1.11a (3.1.11a)
\pgfarrowsep=\dimen273
) (c:/texlive/2025/texmf-dist/tex/generic/pgf/basiclayer/pgfcoreshade.code.tex
File: pgfcoreshade.code.tex 2025-08-29 v3.1.11a (3.1.11a)
\pgf@max=\dimen274
\pgf@sys@shading@range@num=\count318
\pgf@shadingcount=\count319
) (c:/texlive/2025/texmf-dist/tex/generic/pgf/basiclayer/pgfcoreimage.code.tex
File: pgfcoreimage.code.tex 2025-08-29 v3.1.11a (3.1.11a)
) (c:/texlive/2025/texmf-dist/tex/generic/pgf/basiclayer/pgfcoreexternal.code.tex
File: pgfcoreexternal.code.tex 2025-08-29 v3.1.11a (3.1.11a)
\pgfexternal@startupbox=\box67
) (c:/texlive/2025/texmf-dist/tex/generic/pgf/basiclayer/pgfcorelayers.code.tex
File: pgfcorelayers.code.tex 2025-08-29 v3.1.11a (3.1.11a)
) (c:/texlive/2025/texmf-dist/tex/generic/pgf/basiclayer/pgfcoretransparency.code.tex
File: pgfcoretransparency.code.tex 2025-08-29 v3.1.11a (3.1.11a)
) (c:/texlive/2025/texmf-dist/tex/generic/pgf/basiclayer/pgfcorepatterns.code.tex
File: pgfcorepatterns.code.tex 2025-08-29 v3.1.11a (3.1.11a)
) (c:/texlive/2025/texmf-dist/tex/generic/pgf/basiclayer/pgfcorerdf.code.tex
File: pgfcorerdf.code.tex 2025-08-29 v3.1.11a (3.1.11a)
))) (c:/texlive/2025/texmf-dist/tex/latex/pgf/utilities/xxcolor.sty
Package: xxcolor 2003/10/24 ver 0.1
\XC@nummixins=\count320
\XC@countmixins=\count321
) (c:/texlive/2025/texmf-dist/tex/latex/base/atbegshi-ltx.sty
Package: atbegshi-ltx 2021/01/10 v1.0c Emulation of the original atbegshi
package with kernel methods
) (c:/texlive/2025/texmf-dist/tex/latex/hyperref/hyperref.sty
Package: hyperref 2025-07-12 v7.01o Hypertext links for LaTeX
 (c:/texlive/2025/texmf-dist/tex/latex/kvsetkeys/kvsetkeys.sty
Package: kvsetkeys 2022-10-05 v1.19 Key value parser (HO)
) (c:/texlive/2025/texmf-dist/tex/generic/kvdefinekeys/kvdefinekeys.sty
Package: kvdefinekeys 2019-12-19 v1.6 Define keys (HO)
) (c:/texlive/2025/texmf-dist/tex/generic/pdfescape/pdfescape.sty
Package: pdfescape 2019/12/09 v1.15 Implements pdfTeX's escape features (HO)
 (c:/texlive/2025/texmf-dist/tex/generic/ltxcmds/ltxcmds.sty
Package: ltxcmds 2023-12-04 v1.26 LaTeX kernel commands for general use (HO)
) (c:/texlive/2025/texmf-dist/tex/generic/pdftexcmds/pdftexcmds.sty
Package: pdftexcmds 2020-06-27 v0.33 Utility functions of pdfTeX for LuaTeX (HO)
 (c:/texlive/2025/texmf-dist/tex/generic/infwarerr/infwarerr.sty
Package: infwarerr 2019/12/03 v1.5 Providing info/warning/error messages (HO)
)
Package pdftexcmds Info: \pdf@primitive is available.
Package pdftexcmds Info: \pdf@ifprimitive is available.
Package pdftexcmds Info: \pdfdraftmode found.
)) (c:/texlive/2025/texmf-dist/tex/latex/hycolor/hycolor.sty
Package: hycolor 2020-01-27 v1.10 Color options for hyperref/bookmark (HO)
) (c:/texlive/2025/texmf-dist/tex/latex/hyperref/nameref.sty
Package: nameref 2025-06-21 v2.57 Cross-referencing by name of section
 (c:/texlive/2025/texmf-dist/tex/latex/refcount/refcount.sty
Package: refcount 2019/12/15 v3.6 Data extraction from label references (HO)
) (c:/texlive/2025/texmf-dist/tex/generic/gettitlestring/gettitlestring.sty
Package: gettitlestring 2019/12/15 v1.6 Cleanup title references (HO)
 (c:/texlive/2025/texmf-dist/tex/latex/kvoptions/kvoptions.sty
Package: kvoptions 2022-06-15 v3.15 Key value format for package options (HO)
))
\c@section@level=\count322
) (c:/texlive/2025/texmf-dist/tex/generic/stringenc/stringenc.sty
Package: stringenc 2019/11/29 v1.12 Convert strings between diff. encodings (HO)
)
\@linkdim=\dimen275
\Hy@linkcounter=\count323
\Hy@pagecounter=\count324
 (c:/texlive/2025/texmf-dist/tex/latex/hyperref/pd1enc.def
File: pd1enc.def 2025-07-12 v7.01o Hyperref: PDFDocEncoding definition (HO)
Now handling font encoding PD1 ...
... no UTF-8 mapping file for font encoding PD1
) (c:/texlive/2025/texmf-dist/tex/generic/intcalc/intcalc.sty
Package: intcalc 2019/12/15 v1.3 Expandable calculations with integers (HO)
)
\Hy@SavedSpaceFactor=\count325
 (c:/texlive/2025/texmf-dist/tex/latex/hyperref/puenc.def
File: puenc.def 2025-07-12 v7.01o Hyperref: PDF Unicode definition (HO)
Now handling font encoding PU ...
... no UTF-8 mapping file for font encoding PU
)
Package hyperref Info: Option `bookmarks' set `true' on input line 4066.
Package hyperref Info: Option `bookmarksopen' set `true' on input line 4066.
Package hyperref Info: Option `implicit' set `false' on input line 4066.
Package hyperref Info: Hyper figures OFF on input line 4195.
Package hyperref Info: Link nesting OFF on input line 4200.
Package hyperref Info: Hyper index ON on input line 4203.
Package hyperref Info: Plain pages OFF on input line 4210.
Package hyperref Info: Backreferencing OFF on input line 4215.
Package hyperref Info: Implicit mode OFF; no redefinition of LaTeX internals.
Package hyperref Info: Bookmarks ON on input line 4462.
\c@Hy@tempcnt=\count326
 (c:/texlive/2025/texmf-dist/tex/latex/url/url.sty
\Urlmuskip=\muskip17
Package: url 2013/09/16  ver 3.4  Verb mode for urls, etc.
)
LaTeX Info: Redefining \url on input line 4801.
\XeTeXLinkMargin=\dimen276
 (c:/texlive/2025/texmf-dist/tex/generic/bitset/bitset.sty
Package: bitset 2019/12/09 v1.3 Handle bit-vector datatype (HO)
 (c:/texlive/2025/texmf-dist/tex/generic/bigintcalc/bigintcalc.sty
Package: bigintcalc 2019/12/15 v1.5 Expandable calculations on big integers (HO)
))
\Fld@menulength=\count327
\Field@Width=\dimen277
\Fld@charsize=\dimen278
Package hyperref Info: Hyper figures OFF on input line 6078.
Package hyperref Info: Link nesting OFF on input line 6083.
Package hyperref Info: Hyper index ON on input line 6086.
Package hyperref Info: backreferencing OFF on input line 6093.
Package hyperref Info: Link coloring OFF on input line 6098.
Package hyperref Info: Link coloring with OCG OFF on input line 6103.
Package hyperref Info: PDF/A mode OFF on input line 6108.
\Hy@abspage=\count328


Package hyperref Message: Stopped early.

)
Package hyperref Info: Driver (autodetected): hpdftex.
 (c:/texlive/2025/texmf-dist/tex/latex/hyperref/hpdftex.def
File: hpdftex.def 2025-07-12 v7.01o Hyperref driver for pdfTeX
\Fld@listcount=\count329
\c@bookmark@seq@number=\count330
 (c:/texlive/2025/texmf-dist/tex/latex/rerunfilecheck/rerunfilecheck.sty
Package: rerunfilecheck 2025-06-21 v1.11 Rerun checks for auxiliary files (HO)
 (c:/texlive/2025/texmf-dist/tex/generic/uniquecounter/uniquecounter.sty
Package: uniquecounter 2019/12/15 v1.4 Provide unlimited unique counter (HO)
)
Package uniquecounter Info: New unique counter `rerunfilecheck' on input line 284.
)) (c:/texlive/2025/texmf-dist/tex/latex/beamer/beamerbaserequires.sty (c:/texlive/2025/texmf-dist/tex/latex/beamer/beamerbasecompatibility.sty) (c:/texlive/2025/texmf-dist/tex/latex/beamer/beamerbasefont.sty (c:/texlive/2025/texmf-dist/tex/latex/amsfonts/amssymb.sty
Package: amssymb 2013/01/14 v3.01 AMS font symbols
 (c:/texlive/2025/texmf-dist/tex/latex/amsfonts/amsfonts.sty
Package: amsfonts 2013/01/14 v3.01 Basic AMSFonts support
\@emptytoks=\toks29
\symAMSa=\mathgroup4
\symAMSb=\mathgroup5
LaTeX Font Info:    Redeclaring math symbol \hbar on input line 98.
LaTeX Font Info:    Overwriting math alphabet `\mathfrak' in version `bold'
(Font)                  U/euf/m/n --> U/euf/b/n on input line 106.
)) (c:/texlive/2025/texmf-dist/tex/latex/sansmathaccent/sansmathaccent.sty
Package: sansmathaccent 2020/01/31
 (c:/texlive/2025/texmf-dist/tex/latex/koma-script/scrlfile.sty
Package: scrlfile 2025/09/09 v3.48 KOMA-Script package (file load hooks)
 (c:/texlive/2025/texmf-dist/tex/latex/koma-script/scrlfile-hook.sty
Package: scrlfile-hook 2025/09/09 v3.48 KOMA-Script package (using LaTeX hooks)
 (c:/texlive/2025/texmf-dist/tex/latex/koma-script/scrlogo.sty
Package: scrlogo 2025/09/09 v3.48 KOMA-Script package (logo)
))))) (c:/texlive/2025/texmf-dist/tex/latex/beamer/beamerbasetranslator.sty (c:/texlive/2025/texmf-dist/tex/latex/translator/translator.sty
Package: translator 2021-05-31 v1.12d Easy translation of strings in LaTeX
)) (c:/texlive/2025/texmf-dist/tex/latex/beamer/beamerbasemisc.sty) (c:/texlive/2025/texmf-dist/tex/latex/beamer/beamerbasetwoscreens.sty) (c:/texlive/2025/texmf-dist/tex/latex/beamer/beamerbaseoverlay.sty
\beamer@argscount=\count331
\beamer@lastskipcover=\skip52
\beamer@trivlistdepth=\count332
) (c:/texlive/2025/texmf-dist/tex/latex/beamer/beamerbasetitle.sty) (c:/texlive/2025/texmf-dist/tex/latex/beamer/beamerbasesection.sty
\c@lecture=\count333
\c@part=\count334
\c@section=\count335
\c@subsection=\count336
\c@subsubsection=\count337
) (c:/texlive/2025/texmf-dist/tex/latex/beamer/beamerbaseframe.sty
\beamer@framebox=\box68
\beamer@frametitlebox=\box69
\beamer@zoombox=\box70
\beamer@zoomcount=\count338
\beamer@zoomframecount=\count339
\beamer@frametextheight=\dimen279
\c@subsectionslide=\count340
\beamer@frametopskip=\skip53
\beamer@framebottomskip=\skip54
\beamer@frametopskipautobreak=\skip55
\beamer@framebottomskipautobreak=\skip56
\beamer@envbody=\toks30
\framewidth=\dimen280
\c@framenumber=\count341
) (c:/texlive/2025/texmf-dist/tex/latex/beamer/beamerbaseverbatim.sty
\beamer@verbatimfileout=\write4
) (c:/texlive/2025/texmf-dist/tex/latex/beamer/beamerbaseframesize.sty
\beamer@splitbox=\box71
\beamer@autobreakcount=\count342
\beamer@autobreaklastheight=\dimen281
\beamer@frametitletoks=\toks31
\beamer@framesubtitletoks=\toks32
) (c:/texlive/2025/texmf-dist/tex/latex/beamer/beamerbaseframecomponents.sty
\beamer@colheight=\skip57
\beamer@footins=\box72
) (c:/texlive/2025/texmf-dist/tex/latex/beamer/beamerbasecolor.sty) (c:/texlive/2025/texmf-dist/tex/latex/beamer/beamerbasenotes.sty
\beamer@frameboxcopy=\box73
) (c:/texlive/2025/texmf-dist/tex/latex/beamer/beamerbasetoc.sty) (c:/texlive/2025/texmf-dist/tex/latex/beamer/beamerbasetemplates.sty
\beamer@sbttoks=\toks33
 (c:/texlive/2025/texmf-dist/tex/latex/beamer/beamerbaseauxtemplates.sty (c:/texlive/2025/texmf-dist/tex/latex/beamer/beamerbaseboxes.sty
\bmb@box=\box74
\bmb@colorbox=\box75
\bmb@boxwidth=\dimen282
\bmb@boxheight=\dimen283
\bmb@prevheight=\dimen284
\bmb@temp=\dimen285
\bmb@dima=\dimen286
\bmb@dimb=\dimen287
\bmb@prevheight=\dimen288
)
\beamer@blockheadheight=\dimen289
)) (c:/texlive/2025/texmf-dist/tex/latex/beamer/beamerbaselocalstructure.sty (c:/texlive/2025/texmf-dist/tex/latex/tools/enumerate.sty
Package: enumerate 2023/07/04 v3.00 enumerate extensions (DPC)
\@enLab=\toks34
)
\beamer@bibiconwidth=\skip58
\c@figure=\count343
\c@table=\count344
\abovecaptionskip=\skip59
\belowcaptionskip=\skip60
) (c:/texlive/2025/texmf-dist/tex/latex/beamer/beamerbasenavigation.sty (c:/texlive/2025/texmf-dist/tex/latex/beamer/beamerbasenavigationsymbols.tex)
\beamer@section@min@dim=\dimen290
) (c:/texlive/2025/texmf-dist/tex/latex/beamer/beamerbasetheorems.sty (c:/texlive/2025/texmf-dist/tex/latex/amsmath/amsmath.sty
Package: amsmath 2025/06/16 v2.17y AMS math features
\@mathmargin=\skip61

For additional information on amsmath, use the `?' option.
(c:/texlive/2025/texmf-dist/tex/latex/amsmath/amstext.sty
Package: amstext 2024/11/17 v2.01 AMS text
 (c:/texlive/2025/texmf-dist/tex/latex/amsmath/amsgen.sty
File: amsgen.sty 1999/11/30 v2.0 generic functions
\@emptytoks=\toks35
\ex@=\dimen291
)) (c:/texlive/2025/texmf-dist/tex/latex/amsmath/amsbsy.sty
Package: amsbsy 1999/11/29 v1.2d Bold Symbols
\pmbraise@=\dimen292
) (c:/texlive/2025/texmf-dist/tex/latex/amsmath/amsopn.sty
Package: amsopn 2022/04/08 v2.04 operator names
)
\inf@bad=\count345
LaTeX Info: Redefining \frac on input line 233.
\uproot@=\count346
\leftroot@=\count347
LaTeX Info: Redefining \overline on input line 398.
LaTeX Info: Redefining \colon on input line 409.
\classnum@=\count348
\DOTSCASE@=\count349
LaTeX Info: Redefining \ldots on input line 495.
LaTeX Info: Redefining \dots on input line 498.
LaTeX Info: Redefining \cdots on input line 619.
\Mathstrutbox@=\box76
\strutbox@=\box77
LaTeX Info: Redefining \big on input line 721.
LaTeX Info: Redefining \Big on input line 722.
LaTeX Info: Redefining \bigg on input line 723.
LaTeX Info: Redefining \Bigg on input line 724.
\big@size=\dimen293
LaTeX Font Info:    Redeclaring font encoding OML on input line 742.
LaTeX Font Info:    Redeclaring font encoding OMS on input line 743.
\macc@depth=\count350
LaTeX Info: Redefining \bmod on input line 904.
LaTeX Info: Redefining \pmod on input line 909.
LaTeX Info: Redefining \smash on input line 939.
LaTeX Info: Redefining \relbar on input line 969.
LaTeX Info: Redefining \Relbar on input line 970.
\c@MaxMatrixCols=\count351
\dotsspace@=\muskip18
\c@parentequation=\count352
\dspbrk@lvl=\count353
\tag@help=\toks36
\row@=\count354
\column@=\count355
\maxfields@=\count356
\andhelp@=\toks37
\eqnshift@=\dimen294
\alignsep@=\dimen295
\tagshift@=\dimen296
\tagwidth@=\dimen297
\totwidth@=\dimen298
\lineht@=\dimen299
\@envbody=\toks38
\multlinegap=\skip62
\multlinetaggap=\skip63
\mathdisplay@stack=\toks39
LaTeX Info: Redefining \[ on input line 2949.
LaTeX Info: Redefining \] on input line 2950.
) (c:/texlive/2025/texmf-dist/tex/latex/amscls/amsthm.sty
Package: amsthm 2020/05/29 v2.20.6
\thm@style=\toks40
\thm@bodyfont=\toks41
\thm@headfont=\toks42
\thm@notefont=\toks43
\thm@headpunct=\toks44
\thm@preskip=\skip64
\thm@postskip=\skip65
\thm@headsep=\skip66
\dth@everypar=\toks45
)
\c@theorem=\count357
) (c:/texlive/2025/texmf-dist/tex/latex/beamer/beamerbasethemes.sty)) (c:/texlive/2025/texmf-dist/tex/latex/beamer/beamerthemedefault.sty (c:/texlive/2025/texmf-dist/tex/latex/beamer/beamerfontthemedefault.sty) (c:/texlive/2025/texmf-dist/tex/latex/beamer/beamercolorthemedefault.sty) (c:/texlive/2025/texmf-dist/tex/latex/beamer/beamerinnerthemedefault.sty
\beamer@dima=\dimen300
\beamer@dimb=\dimen301
) (c:/texlive/2025/texmf-dist/tex/latex/beamer/beamerouterthemedefault.sty))) (c:/texlive/2025/texmf-dist/tex/latex/beamer/beamerthemeMadrid.sty (c:/texlive/2025/texmf-dist/tex/latex/beamer/beamercolorthemewhale.sty) (c:/texlive/2025/texmf-dist/tex/latex/beamer/beamercolorthemeorchid.sty) (c:/texlive/2025/texmf-dist/tex/latex/beamer/beamerinnerthemerounded.sty) (c:/texlive/2025/texmf-dist/tex/latex/beamer/beamerouterthemeinfolines.sty)) (c:/texlive/2025/texmf-dist/tex/latex/base/inputenc.sty
Package: inputenc 2024/02/08 v1.3d Input encoding file
\inpenc@prehook=\toks46
\inpenc@posthook=\toks47
) (c:/texlive/2025/texmf-dist/tex/latex/base/fontenc.sty
Package: fontenc 2024/12/21 v2.1c Standard LaTeX package
) (c:/texlive/2025/texmf-dist/tex/generic/babel/babel.sty
Package: babel 2025/10/01 v25.13 The multilingual framework for LuaLaTeX, pdfLaTeX and XeLaTeX
\babel@savecnt=\count358
LaTeX Encoding Info:    Redeclaring text command \ij (encoding OT1) on input line 2045.
LaTeX Encoding Info:    Redeclaring text command \IJ (encoding OT1) on input line 2047.
LaTeX Encoding Info:    Redeclaring text command \ij (encoding T1) on input line 2049.
LaTeX Encoding Info:    Redeclaring text command \IJ (encoding T1) on input line 2050.
LaTeX Encoding Info:    Ignoring declaration for text command \ij (encoding ?) on input line 2051.
LaTeX Encoding Info:    Ignoring declaration for text command \IJ (encoding ?) on input line 2053.
LaTeX Encoding Info:    Ignoring declaration for text command \SS (encoding ?) on input line 2078.
\U@D=\dimen302
\l@unhyphenated=\language90
 (c:/texlive/2025/texmf-dist/tex/generic/babel/txtbabel.def)
\bbl@readstream=\read3
LaTeX Info: Redefining \textlatin on input line 3930.
\bbl@dirlevel=\count359
 (c:/texlive/2025/texmf-dist/tex/generic/babel-italian/italian.ldf
Language: italian 2024/10/10 v.1.5.01 Italian support for the babel system
 (c:/texlive/2025/texmf-dist/tex/generic/babel/locale/it/babel-italian.tex
Package babel Info: Importing font and identification data for italian
(babel)             from babel-it.ini. Reported on input line 12.
)
\it@lettering=\count360
\it@doublequoteactive=\count361
\it@ISOcompliance=\count362
)) (c:/texlive/2025/texmf-dist/tex/latex/lm/lmodern.sty
Package: lmodern 2015/05/01 v1.6.1 Latin Modern Fonts
LaTeX Font Info:    Overwriting symbol font `operators' in version `normal'
(Font)                  OT1/cmr/m/n --> OT1/lmr/m/n on input line 22.
LaTeX Font Info:    Overwriting symbol font `letters' in version `normal'
(Font)                  OML/cmm/m/it --> OML/lmm/m/it on input line 23.
LaTeX Font Info:    Overwriting symbol font `symbols' in version `normal'
(Font)                  OMS/cmsy/m/n --> OMS/lmsy/m/n on input line 24.
LaTeX Font Info:    Overwriting symbol font `largesymbols' in version `normal'
(Font)                  OMX/cmex/m/n --> OMX/lmex/m/n on input line 25.
LaTeX Font Info:    Overwriting symbol font `operators' in version `bold'
(Font)                  OT1/cmr/bx/n --> OT1/lmr/bx/n on input line 26.
LaTeX Font Info:    Overwriting symbol font `letters' in version `bold'
(Font)                  OML/cmm/b/it --> OML/lmm/b/it on input line 27.
LaTeX Font Info:    Overwriting symbol font `symbols' in version `bold'
(Font)                  OMS/cmsy/b/n --> OMS/lmsy/b/n on input line 28.
LaTeX Font Info:    Overwriting symbol font `largesymbols' in version `bold'
(Font)                  OMX/cmex/m/n --> OMX/lmex/m/n on input line 29.
LaTeX Font Info:    Overwriting math alphabet `\mathbf' in version `normal'
(Font)                  OT1/cmr/bx/n --> OT1/lmr/bx/n on input line 31.
LaTeX Font Info:    Overwriting math alphabet `\mathsf' in version `normal'
(Font)                  OT1/cmss/m/n --> OT1/lmss/m/n on input line 32.
LaTeX Font Info:    Overwriting math alphabet `\mathit' in version `normal'
(Font)                  OT1/cmr/m/it --> OT1/lmr/m/it on input line 33.
LaTeX Font Info:    Overwriting math alphabet `\mathtt' in version `normal'
(Font)                  OT1/cmtt/m/n --> OT1/lmtt/m/n on input line 34.
LaTeX Font Info:    Overwriting math alphabet `\mathbf' in version `bold'
(Font)                  OT1/cmr/bx/n --> OT1/lmr/bx/n on input line 35.
LaTeX Font Info:    Overwriting math alphabet `\mathsf' in version `bold'
(Font)                  OT1/cmss/bx/n --> OT1/lmss/bx/n on input line 36.
LaTeX Font Info:    Overwriting math alphabet `\mathit' in version `bold'
(Font)                  OT1/cmr/bx/it --> OT1/lmr/bx/it on input line 37.
LaTeX Font Info:    Overwriting math alphabet `\mathtt' in version `bold'
(Font)                  OT1/cmtt/m/n --> OT1/lmtt/m/n on input line 38.
) (c:/texlive/2025/texmf-dist/tex/latex/microtype/microtype.sty
Package: microtype 2025/07/09 v3.2b Micro-typographical refinements (RS)
\MT@toks=\toks48
\MT@tempbox=\box78
\MT@count=\count363
LaTeX Info: Redefining \noprotrusionifhmode on input line 1087.
LaTeX Info: Redefining \leftprotrusion on input line 1088.
\MT@prot@toks=\toks49
LaTeX Info: Redefining \rightprotrusion on input line 1107.
LaTeX Info: Redefining \textls on input line 1449.
\MT@outer@kern=\dimen303
LaTeX Info: Redefining \microtypecontext on input line 2053.
LaTeX Info: Redefining \textmicrotypecontext on input line 2070.
\MT@listname@count=\count364
 (c:/texlive/2025/texmf-dist/tex/latex/microtype/microtype-pdftex.def
File: microtype-pdftex.def 2025/07/09 v3.2b Definitions specific to pdftex (RS)
LaTeX Info: Redefining \lsstyle on input line 944.
LaTeX Info: Redefining \lslig on input line 944.
\MT@outer@space=\skip67
)
Package microtype Info: Loading configuration file microtype.cfg.
 (c:/texlive/2025/texmf-dist/tex/latex/microtype/microtype.cfg
File: microtype.cfg 2025/07/09 v3.2b microtype main configuration file (RS)
)
LaTeX Info: Redefining \microtypesetup on input line 3065.
) (c:/texlive/2025/texmf-dist/tex/latex/siunitx/siunitx.sty
Package: siunitx 2025-07-09 v3.4.14 A comprehensive (SI) units package
\l__siunitx_number_uncert_offset_int=\count365
\l__siunitx_number_exponent_fixed_int=\count366
\l__siunitx_number_min_decimal_int=\count367
\l__siunitx_number_min_integer_int=\count368
\l__siunitx_number_round_precision_int=\count369
\l__siunitx_number_lower_threshold_int=\count370
\l__siunitx_number_upper_threshold_int=\count371
\l__siunitx_number_group_first_int=\count372
\l__siunitx_number_group_size_int=\count373
\l__siunitx_number_group_minimum_int=\count374
\l__siunitx_angle_tmp_dim=\dimen304
\l__siunitx_angle_marker_box=\box79
\l__siunitx_angle_unit_box=\box80
\l__siunitx_compound_count_int=\count375
 (c:/texlive/2025/texmf-dist/tex/latex/translations/translations.sty
Package: translations 2022/02/05 v1.12 internationalization of LaTeX2e packages (CN)
)
\l__siunitx_table_tmp_box=\box81
\l__siunitx_table_tmp_dim=\dimen305
\l__siunitx_table_column_width_dim=\dimen306
\l__siunitx_table_integer_box=\box82
\l__siunitx_table_decimal_box=\box83
\l__siunitx_table_uncert_box=\box84
\l__siunitx_table_before_box=\box85
\l__siunitx_table_after_box=\box86
\l__siunitx_table_before_dim=\dimen307
\l__siunitx_table_carry_dim=\dimen308
\l__siunitx_unit_tmp_int=\count376
\l__siunitx_unit_position_int=\count377
\l__siunitx_unit_total_int=\count378
 (c:/texlive/2025/texmf-dist/tex/latex/tools/array.sty
Package: array 2025/06/08 v2.6j Tabular extension package (FMi)
\col@sep=\dimen309
\ar@mcellbox=\box87
\extrarowheight=\dimen310
\NC@list=\toks50
\extratabsurround=\skip68
\backup@length=\skip69
\ar@cellbox=\box88
))

Package siunitx Info: Option "detect-all" has been deprecated in this release.
(siunitx)             
(siunitx)             Use "mode = match, propagate-math-font = true,
(siunitx)             reset-math-version = false, reset-text-family = false,
(siunitx)             reset-text-series = false, reset-text-shape = false,
(siunitx)             text-family-to-math = true, text-series-to-math = true"
(siunitx)             as a replacement.

 (c:/texlive/2025/texmf-dist/tex/latex/tools/xspace.sty
Package: xspace 2014/10/28 v1.13 Space after command names (DPC,MH)
) (c:/texlive/2025/texmf-dist/tex/latex/booktabs/booktabs.sty
Package: booktabs 2020/01/12 v1.61803398 Publication quality tables
\heavyrulewidth=\dimen311
\lightrulewidth=\dimen312
\cmidrulewidth=\dimen313
\belowrulesep=\dimen314
\belowbottomsep=\dimen315
\aboverulesep=\dimen316
\abovetopsep=\dimen317
\cmidrulesep=\dimen318
\cmidrulekern=\dimen319
\defaultaddspace=\dimen320
\@cmidla=\count379
\@cmidlb=\count380
\@aboverulesep=\dimen321
\@belowrulesep=\dimen322
\@thisruleclass=\count381
\@lastruleclass=\count382
\@thisrulewidth=\dimen323
) (c:/texlive/2025/texmf-dist/tex/latex/pgf/frontendlayer/tikz.sty (c:/texlive/2025/texmf-dist/tex/latex/pgf/basiclayer/pgf.sty
Package: pgf 2025-08-29 v3.1.11a (3.1.11a)
 (c:/texlive/2025/texmf-dist/tex/generic/pgf/modules/pgfmoduleshapes.code.tex
File: pgfmoduleshapes.code.tex 2025-08-29 v3.1.11a (3.1.11a)
\pgfnodeparttextbox=\box89
) (c:/texlive/2025/texmf-dist/tex/generic/pgf/modules/pgfmoduleplot.code.tex
File: pgfmoduleplot.code.tex 2025-08-29 v3.1.11a (3.1.11a)
) (c:/texlive/2025/texmf-dist/tex/latex/pgf/compatibility/pgfcomp-version-0-65.sty
Package: pgfcomp-version-0-65 2025-08-29 v3.1.11a (3.1.11a)
\pgf@nodesepstart=\dimen324
\pgf@nodesepend=\dimen325
) (c:/texlive/2025/texmf-dist/tex/latex/pgf/compatibility/pgfcomp-version-1-18.sty
Package: pgfcomp-version-1-18 2025-08-29 v3.1.11a (3.1.11a)
)) (c:/texlive/2025/texmf-dist/tex/latex/pgf/utilities/pgffor.sty (c:/texlive/2025/texmf-dist/tex/generic/pgf/utilities/pgffor.code.tex
Package: pgffor 2025-08-29 v3.1.11a (3.1.11a)
\pgffor@iter=\dimen326
\pgffor@skip=\dimen327
\pgffor@stack=\toks51
\pgffor@toks=\toks52
)) (c:/texlive/2025/texmf-dist/tex/generic/pgf/frontendlayer/tikz/tikz.code.tex
Package: tikz 2025-08-29 v3.1.11a (3.1.11a)
 (c:/texlive/2025/texmf-dist/tex/generic/pgf/libraries/pgflibraryplothandlers.code.tex
File: pgflibraryplothandlers.code.tex 2025-08-29 v3.1.11a (3.1.11a)
\pgf@plot@mark@count=\count383
\pgfplotmarksize=\dimen328
)
\tikz@lastx=\dimen329
\tikz@lasty=\dimen330
\tikz@lastxsaved=\dimen331
\tikz@lastysaved=\dimen332
\tikz@lastmovetox=\dimen333
\tikz@lastmovetoy=\dimen334
\tikzleveldistance=\dimen335
\tikzsiblingdistance=\dimen336
\tikz@figbox=\box90
\tikz@figbox@bg=\box91
\tikz@tempbox=\box92
\tikz@tempbox@bg=\box93
\tikztreelevel=\count384
\tikznumberofchildren=\count385
\tikznumberofcurrentchild=\count386
\tikz@fig@count=\count387
 (c:/texlive/2025/texmf-dist/tex/generic/pgf/modules/pgfmodulematrix.code.tex
File: pgfmodulematrix.code.tex 2025-08-29 v3.1.11a (3.1.11a)
\pgfmatrixcurrentrow=\count388
\pgfmatrixcurrentcolumn=\count389
\pgf@matrix@numberofcolumns=\count390
)
\tikz@expandcount=\count391
 (c:/texlive/2025/texmf-dist/tex/generic/pgf/frontendlayer/tikz/libraries/tikzlibrarytopaths.code.tex
File: tikzlibrarytopaths.code.tex 2025-08-29 v3.1.11a (3.1.11a)
)))

c:/Users/aless/Desktop/TD_ale/TD/Es_09/presentazione/presentazione.tex:78: LaTeX Error: Command \RoadmapFrame undefined.

See the LaTeX manual or LaTeX Companion for explanation.
Type  H <return>  for immediate help.
 ...                                              
                                                  
l.78 \renewcommand{\RoadmapFrame}
                                 {%
Try typing  <return>  to proceed.
If that doesn't work, type  X <return>  to quit.


Package hyperref Warning: Token not allowed in a PDF string (Unicode):
(hyperref)                removing `\\' on input line 105.

LaTeX Font Info:    Trying to load font information for T1+lmss on input line 110.
(c:/texlive/2025/texmf-dist/tex/latex/lm/t1lmss.fd
File: t1lmss.fd 2015/05/01 v1.6.1 Font defs for Latin Modern
) (c:/texlive/2025/texmf-dist/tex/latex/l3backend/l3backend-pdftex.def
File: l3backend-pdftex.def 2025-06-09 L3 backend support: PDF output (pdfTeX)
\l__color_backend_stack_int=\count392
)
No file presentazione.aux.
\openout1 = `presentazione.aux'.

LaTeX Font Info:    Checking defaults for OML/cmm/m/it on input line 110.
LaTeX Font Info:    ... okay on input line 110.
LaTeX Font Info:    Checking defaults for OMS/cmsy/m/n on input line 110.
LaTeX Font Info:    ... okay on input line 110.
LaTeX Font Info:    Checking defaults for OT1/cmr/m/n on input line 110.
LaTeX Font Info:    ... okay on input line 110.
LaTeX Font Info:    Checking defaults for T1/cmr/m/n on input line 110.
LaTeX Font Info:    ... okay on input line 110.
LaTeX Font Info:    Checking defaults for TS1/cmr/m/n on input line 110.
LaTeX Font Info:    ... okay on input line 110.
LaTeX Font Info:    Checking defaults for OMX/cmex/m/n on input line 110.
LaTeX Font Info:    ... okay on input line 110.
LaTeX Font Info:    Checking defaults for U/cmr/m/n on input line 110.
LaTeX Font Info:    ... okay on input line 110.
LaTeX Font Info:    Checking defaults for PD1/pdf/m/n on input line 110.
LaTeX Font Info:    ... okay on input line 110.
LaTeX Font Info:    Checking defaults for PU/pdf/m/n on input line 110.
LaTeX Font Info:    ... okay on input line 110.
*geometry* driver: auto-detecting
*geometry* detected driver: pdftex
*geometry* verbose mode - [ preamble ] result:
* driver: pdftex
* paper: custom
* layout: <same size as paper>
* layoutoffset:(h,v)=(0.0pt,0.0pt)
* modes: includehead includefoot 
* h-part:(L,W,R)=(10.00002pt, 435.24405pt, 10.00002pt)
* v-part:(T,H,B)=(0.0pt, 256.0748pt, 0.0pt)
* \paperwidth=455.24408pt
* \paperheight=256.0748pt
* \textwidth=435.24405pt
* \textheight=227.62207pt
* \oddsidemargin=-62.26997pt
* \evensidemargin=-62.26997pt
* \topmargin=-72.26999pt
* \headheight=14.22636pt
* \headsep=0.0pt
* \topskip=10.0pt
* \footskip=14.22636pt
* \marginparwidth=3.0pt
* \marginparsep=11.0pt
* \columnsep=10.0pt
* \skip\footins=9.0pt plus 4.0pt minus 2.0pt
* \hoffset=0.0pt
* \voffset=0.0pt
* \mag=1000
* \@twocolumnfalse
* \@twosidefalse
* \@mparswitchfalse
* \@reversemarginfalse
* (1in=72.27pt=25.4mm, 1cm=28.453pt)

(c:/texlive/2025/texmf-dist/tex/context/base/mkii/supp-pdf.mkii
[Loading MPS to PDF converter (version 2006.09.02).]
\scratchcounter=\count393
\scratchdimen=\dimen337
\scratchbox=\box94
\nofMPsegments=\count394
\nofMParguments=\count395
\everyMPshowfont=\toks53
\MPscratchCnt=\count396
\MPscratchDim=\dimen338
\MPnumerator=\count397
\makeMPintoPDFobject=\count398
\everyMPtoPDFconversion=\toks54
) (c:/texlive/2025/texmf-dist/tex/latex/epstopdf-pkg/epstopdf-base.sty
Package: epstopdf-base 2020-01-24 v2.11 Base part for package epstopdf
Package epstopdf-base Info: Redefining graphics rule for `.eps' on input line 485.
 (c:/texlive/2025/texmf-dist/tex/latex/latexconfig/epstopdf-sys.cfg
File: epstopdf-sys.cfg 2010/07/13 v1.3 Configuration of (r)epstopdf for TeX Live
))
Package hyperref Info: Link coloring OFF on input line 110.
\@outlinefile=\write5
\openout5 = `presentazione.out'.

LaTeX Font Info:    Overwriting symbol font `operators' in version `normal'
(Font)                  OT1/lmr/m/n --> OT1/cmss/m/n on input line 110.
LaTeX Font Info:    Overwriting symbol font `operators' in version `bold'
(Font)                  OT1/lmr/bx/n --> OT1/cmss/b/n on input line 110.
LaTeX Font Info:    Overwriting symbol font `operators' in version `normal'
(Font)                  OT1/cmss/m/n --> OT1/lmss/m/n on input line 110.
LaTeX Font Info:    Overwriting symbol font `operators' in version `bold'
(Font)                  OT1/cmss/b/n --> OT1/lmss/b/n on input line 110.
\symnumbers=\mathgroup6
\sympureletters=\mathgroup7
LaTeX Font Info:    Overwriting math alphabet `\mathrm' in version `normal'
(Font)                  OT1/lmss/m/n --> T1/lmr/m/n on input line 110.
LaTeX Font Info:    Redeclaring math alphabet \mathbf on input line 110.
LaTeX Font Info:    Overwriting math alphabet `\mathbf' in version `normal'
(Font)                  OT1/lmr/bx/n --> T1/lmss/b/n on input line 110.
LaTeX Font Info:    Overwriting math alphabet `\mathbf' in version `bold'
(Font)                  OT1/lmr/bx/n --> T1/lmss/b/n on input line 110.
LaTeX Font Info:    Redeclaring math alphabet \mathsf on input line 110.
LaTeX Font Info:    Overwriting math alphabet `\mathsf' in version `normal'
(Font)                  OT1/lmss/m/n --> T1/lmss/m/n on input line 110.
LaTeX Font Info:    Overwriting math alphabet `\mathsf' in version `bold'
(Font)                  OT1/lmss/bx/n --> T1/lmss/m/n on input line 110.
LaTeX Font Info:    Redeclaring math alphabet \mathit on input line 110.
LaTeX Font Info:    Overwriting math alphabet `\mathit' in version `normal'
(Font)                  OT1/lmr/m/it --> T1/lmss/m/it on input line 110.
LaTeX Font Info:    Overwriting math alphabet `\mathit' in version `bold'
(Font)                  OT1/lmr/bx/it --> T1/lmss/m/it on input line 110.
LaTeX Font Info:    Redeclaring math alphabet \mathtt on input line 110.
LaTeX Font Info:    Overwriting math alphabet `\mathtt' in version `normal'
(Font)                  OT1/lmtt/m/n --> T1/lmtt/m/n on input line 110.
LaTeX Font Info:    Overwriting math alphabet `\mathtt' in version `bold'
(Font)                  OT1/lmtt/m/n --> T1/lmtt/m/n on input line 110.
LaTeX Font Info:    Overwriting symbol font `numbers' in version `bold'
(Font)                  T1/lmss/m/n --> T1/lmss/b/n on input line 110.
LaTeX Font Info:    Overwriting symbol font `pureletters' in version `bold'
(Font)                  T1/lmss/m/it --> T1/lmss/b/it on input line 110.
LaTeX Font Info:    Overwriting math alphabet `\mathrm' in version `bold'
(Font)                  OT1/lmss/b/n --> T1/lmr/b/n on input line 110.
LaTeX Font Info:    Overwriting math alphabet `\mathbf' in version `bold'
(Font)                  T1/lmss/b/n --> T1/lmss/b/n on input line 110.
LaTeX Font Info:    Overwriting math alphabet `\mathsf' in version `bold'
(Font)                  T1/lmss/m/n --> T1/lmss/b/n on input line 110.
LaTeX Font Info:    Overwriting math alphabet `\mathit' in version `bold'
(Font)                  T1/lmss/m/it --> T1/lmss/b/it on input line 110.
LaTeX Font Info:    Overwriting math alphabet `\mathtt' in version `bold'
(Font)                  T1/lmtt/m/n --> T1/lmtt/b/n on input line 110.
 (c:/texlive/2025/texmf-dist/tex/latex/translator/translator-basic-dictionary-English.dict
Dictionary: translator-basic-dictionary, Language: English 
) (c:/texlive/2025/texmf-dist/tex/latex/translator/translator-bibliography-dictionary-English.dict
Dictionary: translator-bibliography-dictionary, Language: English 
) (c:/texlive/2025/texmf-dist/tex/latex/translator/translator-environment-dictionary-English.dict
Dictionary: translator-environment-dictionary, Language: English 
) (c:/texlive/2025/texmf-dist/tex/latex/translator/translator-months-dictionary-English.dict
Dictionary: translator-months-dictionary, Language: English 
) (c:/texlive/2025/texmf-dist/tex/latex/translator/translator-numbers-dictionary-English.dict
Dictionary: translator-numbers-dictionary, Language: English 
) (c:/texlive/2025/texmf-dist/tex/latex/translator/translator-theorem-dictionary-English.dict
Dictionary: translator-theorem-dictionary, Language: English 
)
LaTeX Info: Redefining \it@ocap on input line 110.
LaTeX Info: Redefining \it@ccap on input line 110.
LaTeX Info: Redefining \microtypecontext on input line 110.
Package microtype Info: Applying patch `item' on input line 110.
Package microtype Info: Applying patch `toc' on input line 110.
Package microtype Info: Applying patch `eqnum' on input line 110.
Package microtype Info: Applying patch `footnote' on input line 110.
Package microtype Info: Applying patch `verbatim' on input line 110.
LaTeX Info: Redefining \microtypesetup on input line 110.
Package microtype Info: Generating PDF output.
Package microtype Info: Character protrusion enabled (level 2).
Package microtype Info: Using default protrusion set `alltext'.
Package microtype Info: Automatic font expansion enabled (level 2),
(microtype)             stretch: 20, shrink: 20, step: 1, non-selected.
Package microtype Info: Using default expansion set `alltext-nott'.
Package microtype Info: Patching command `\showhyphens'.
Package microtype Info: No adjustment of tracking.
Package microtype Info: No adjustment of interword spacing.
Package microtype Info: No adjustment of character kerning.
Package microtype Info: Loading generic protrusion settings for font family
(microtype)             `lmss' (encoding: T1).
(microtype)             For optimal results, create family-specific settings.
(microtype)             See the microtype manual for details.
Package translations Info: no dictionary file `translations-basic-dictionary-italian.trsl' found. on input line 110.
 (./presentazione.nav)
<copertina.png, id=13, 690.726pt x 179.361pt>
File: copertina.png Graphic file (type png)
<use copertina.png>
Package pdftex.def Info: copertina.png  used on input line 115.
(pdftex.def)             Requested size: 455.24408pt x 118.21165pt.


[1

{c:/texlive/2025/texmf-var/fonts/map/pdftex/updmap/pdftex.map}{c:/texlive/2025/texmf-dist/fonts/enc/dvips/lm/lm-ec.enc} <./copertina.png>]
LaTeX Font Info:    Trying to load font information for OT1+lmss on input line 118.
 (c:/texlive/2025/texmf-dist/tex/latex/lm/ot1lmss.fd
File: ot1lmss.fd 2015/05/01 v1.6.1 Font defs for Latin Modern
)
Package microtype Info: Loading generic protrusion settings for font family
(microtype)             `lmss' (encoding: OT1).
(microtype)             For optimal results, create family-specific settings.
(microtype)             See the microtype manual for details.
LaTeX Font Info:    Trying to load font information for OML+lmm on input line 118.
 (c:/texlive/2025/texmf-dist/tex/latex/lm/omllmm.fd
File: omllmm.fd 2015/05/01 v1.6.1 Font defs for Latin Modern
)
LaTeX Font Info:    Trying to load font information for OMS+lmsy on input line 118.
 (c:/texlive/2025/texmf-dist/tex/latex/lm/omslmsy.fd
File: omslmsy.fd 2015/05/01 v1.6.1 Font defs for Latin Modern
)
LaTeX Font Info:    Trying to load font information for OMX+lmex on input line 118.
 (c:/texlive/2025/texmf-dist/tex/latex/lm/omxlmex.fd
File: omxlmex.fd 2015/05/01 v1.6.1 Font defs for Latin Modern
)
LaTeX Font Info:    External font `lmex10' loaded for size
(Font)              <10> on input line 118.
LaTeX Font Info:    External font `lmex10' loaded for size
(Font)              <7> on input line 118.
LaTeX Font Info:    External font `lmex10' loaded for size
(Font)              <5> on input line 118.
LaTeX Font Info:    Trying to load font information for U+msa on input line 118.
 (c:/texlive/2025/texmf-dist/tex/latex/amsfonts/umsa.fd
File: umsa.fd 2013/01/14 v3.01 AMS symbols A
) (c:/texlive/2025/texmf-dist/tex/latex/microtype/mt-msa.cfg
File: mt-msa.cfg 2006/02/04 v1.1 microtype config. file: AMS symbols (a) (RS)
)
LaTeX Font Info:    Trying to load font information for U+msb on input line 118.
 (c:/texlive/2025/texmf-dist/tex/latex/amsfonts/umsb.fd
File: umsb.fd 2013/01/14 v3.01 AMS symbols B
) (c:/texlive/2025/texmf-dist/tex/latex/microtype/mt-msb.cfg
File: mt-msb.cfg 2005/06/01 v1.0 microtype config. file: AMS symbols (b) (RS)
)
LaTeX Font Info:    Font shape `T1/lmss/m/it' in size <10> not available
(Font)              Font shape `T1/lmss/m/sl' tried instead on input line 118.
LaTeX Font Info:    Font shape `T1/lmss/m/it' in size <7> not available
(Font)              Font shape `T1/lmss/m/sl' tried instead on input line 118.
LaTeX Font Info:    Font shape `T1/lmss/m/it' in size <5> not available
(Font)              Font shape `T1/lmss/m/sl' tried instead on input line 118.


[2

]
LaTeX Font Info:    Trying to load font information for T1+lmr on input line 129.
 (c:/texlive/2025/texmf-dist/tex/latex/lm/t1lmr.fd
File: t1lmr.fd 2015/05/01 v1.6.1 Font defs for Latin Modern
)

LaTeX Font Warning: Font shape `T1/lmss/m/sc' in size <10> not available
(Font)              Font shape `T1/lmr/m/sc' tried instead on input line 129.

(c:/texlive/2025/texmf-dist/tex/latex/microtype/mt-cmr.cfg
File: mt-cmr.cfg 2013/05/19 v2.2 microtype config. file: Computer Modern Roman (RS)
)
Package microtype Info: Character `029' is missing
(microtype)             in font `T1/lmr/m/sc/10'.
(microtype)             Ignoring protrusion settings for this character.


[3

]

[4

]
<schema_divisore2.png, id=97, 346.896pt x 175.857pt>
File: schema_divisore2.png Graphic file (type png)
<use schema_divisore2.png>
Package pdftex.def Info: schema_divisore2.png  used on input line 169.
(pdftex.def)             Requested size: 226.32875pt x 114.73503pt.
LaTeX Font Info:    Font shape `T1/lmss/m/it' in size <9> not available
(Font)              Font shape `T1/lmss/m/sl' tried instead on input line 169.


LaTeX Font Warning: Font shape `T1/lmss/m/scit' undefined
(Font)              using `T1/lmss/m/sc' instead on input line 169.


LaTeX Font Warning: Font shape `T1/lmss/m/sc' in size <9> not available
(Font)              Font shape `T1/lmr/m/sc' tried instead on input line 169.

Package microtype Info: Character `029' is missing
(microtype)             in font `T1/lmr/m/sc/9'.
(microtype)             Ignoring protrusion settings for this character.
<Divisore_fmezzi.pdf, id=98, 1203.49625pt x 601.24625pt>
File: Divisore_fmezzi.pdf Graphic file (type pdf)
<use Divisore_fmezzi.pdf>
Package pdftex.def Info: Divisore_fmezzi.pdf  used on input line 169.
(pdftex.def)             Requested size: 208.91528pt x 104.36646pt.

Overfull \vbox (6.51794pt too high) detected at line 169
 []



[5

{c:/texlive/2025/texmf-dist/fonts/enc/dvips/lm/lm-mathsy.enc}{c:/texlive/2025/texmf-dist/fonts/enc/dvips/lm/lm-rm.enc}{c:/texlive/2025/texmf-dist/fonts/enc/dvips/lm/lm-mathit.enc} <./schema_divisore2.png> <./Divisore_fmezzi.pdf>]
pdfTeX warning (ext4): destination with the same identifier (name{sec:div}) has been already used, duplicate ignored
<to be read again> 
                   \relax 
l.169 \end{frame}
                 
File: schema_divisore2.png Graphic file (type png)
<use schema_divisore2.png>
Package pdftex.def Info: schema_divisore2.png  used on input line 169.
(pdftex.def)             Requested size: 226.32875pt x 114.73503pt.


LaTeX Font Warning: Font shape `T1/lmss/m/scit' undefined
(Font)              using `T1/lmss/m/sc' instead on input line 169.

File: Divisore_fmezzi.pdf Graphic file (type pdf)
<use Divisore_fmezzi.pdf>
Package pdftex.def Info: Divisore_fmezzi.pdf  used on input line 169.
(pdftex.def)             Requested size: 208.91528pt x 104.36646pt.

Overfull \vbox (6.51794pt too high) detected at line 169
 []



[6

]
pdfTeX warning (ext4): destination with the same identifier (name{sec:div}) has been already used, duplicate ignored
<to be read again> 
                   \relax 
l.169 \end{frame}
                 
File: schema_divisore2.png Graphic file (type png)
<use schema_divisore2.png>
Package pdftex.def Info: schema_divisore2.png  used on input line 169.
(pdftex.def)             Requested size: 226.32875pt x 114.73503pt.


LaTeX Font Warning: Font shape `T1/lmss/m/scit' undefined
(Font)              using `T1/lmss/m/sc' instead on input line 169.

File: Divisore_fmezzi.pdf Graphic file (type pdf)
<use Divisore_fmezzi.pdf>
Package pdftex.def Info: Divisore_fmezzi.pdf  used on input line 169.
(pdftex.def)             Requested size: 208.91528pt x 104.36646pt.

Overfull \vbox (6.51794pt too high) detected at line 169
 []



[7

]
LaTeX Font Info:    External font `lmex10' loaded for size
(Font)              <9> on input line 229.
LaTeX Font Info:    External font `lmex10' loaded for size
(Font)              <6> on input line 229.
LaTeX Font Info:    Font shape `T1/lmss/m/it' in size <6> not available
(Font)              Font shape `T1/lmss/m/sl' tried instead on input line 229.
<schema_divisore_freq_task3.png, id=122, 481.8pt x 283.0575pt>
File: schema_divisore_freq_task3.png Graphic file (type png)
<use schema_divisore_freq_task3.png>
Package pdftex.def Info: schema_divisore_freq_task3.png  used on input line 229.
(pdftex.def)             Requested size: 83.56483pt x 49.09093pt.


c:/Users/aless/Desktop/TD_ale/TD/Es_09/presentazione/presentazione.tex:229: LaTeX Error: \caption outside figure or table.

See the LaTeX manual or LaTeX Companion for explanation.
Type  H <return>  for immediate help.
 ...                                              
                                                  
l.229 \end{frame}
                 
You're in trouble here.  Try typing  <return>  to proceed.
If that doesn't work, type  X <return>  to quit.


LaTeX Font Warning: Font shape `T1/lmss/m/scit' undefined
(Font)              using `T1/lmss/m/sc' instead on input line 229.


LaTeX Font Warning: Font shape `T1/lmss/m/scit' undefined
(Font)              using `T1/lmss/m/sc' instead on input line 229.

c:/Users/aless/Desktop/TD_ale/TD/Es_09/presentazione/presentazione.tex:229: Undefined control sequence.
<argument> ...on due \FF {} D e porta \NAND /\AND 
                                                  \ di feedback.
l.229 \end{frame}
                 
The control sequence at the end of the top line
of your error message was never \def'ed. If you have
misspelled it (e.g., `\hobx'), type `I' and the correct
spelling (e.g., `I\hbox'). Otherwise just continue,
and I'll forget about whatever was undefined.

<Divisore_fterzi.pdf, id=123, 1203.49625pt x 601.24625pt>
File: Divisore_fterzi.pdf Graphic file (type pdf)
<use Divisore_fterzi.pdf>
Package pdftex.def Info: Divisore_fterzi.pdf  used on input line 229.
(pdftex.def)             Requested size: 188.02248pt x 93.92613pt.

c:/Users/aless/Desktop/TD_ale/TD/Es_09/presentazione/presentazione.tex:229: LaTeX Error: \caption outside figure or table.

See the LaTeX manual or LaTeX Companion for explanation.
Type  H <return>  for immediate help.
 ...                                              
                                                  
l.229 \end{frame}
                 
You're in trouble here.  Try typing  <return>  to proceed.
If that doesn't work, type  X <return>  to quit.


Overfull \vbox (3.51416pt too high) detected at line 229
 []



[8

 <./schema_divisore_freq_task3.png> <./Divisore_fterzi.pdf>]
File: schema_divisore_freq_task3.png Graphic file (type png)
<use schema_divisore_freq_task3.png>
Package pdftex.def Info: schema_divisore_freq_task3.png  used on input line 229.
(pdftex.def)             Requested size: 83.56483pt x 49.09093pt.


c:/Users/aless/Desktop/TD_ale/TD/Es_09/presentazione/presentazione.tex:229: LaTeX Error: \caption outside figure or table.

See the LaTeX manual or LaTeX Companion for explanation.
Type  H <return>  for immediate help.
 ...                                              
                                                  
l.229 \end{frame}
                 
You're in trouble here.  Try typing  <return>  to proceed.
If that doesn't work, type  X <return>  to quit.


LaTeX Font Warning: Font shape `T1/lmss/m/scit' undefined
(Font)              using `T1/lmss/m/sc' instead on input line 229.


LaTeX Font Warning: Font shape `T1/lmss/m/scit' undefined
(Font)              using `T1/lmss/m/sc' instead on input line 229.

c:/Users/aless/Desktop/TD_ale/TD/Es_09/presentazione/presentazione.tex:229: Undefined control sequence.
<argument> ...on due \FF {} D e porta \NAND /\AND 
                                                  \ di feedback.
l.229 \end{frame}
                 
The control sequence at the end of the top line
of your error message was never \def'ed. If you have
misspelled it (e.g., `\hobx'), type `I' and the correct
spelling (e.g., `I\hbox'). Otherwise just continue,
and I'll forget about whatever was undefined.

File: Divisore_fterzi.pdf Graphic file (type pdf)
<use Divisore_fterzi.pdf>
Package pdftex.def Info: Divisore_fterzi.pdf  used on input line 229.
(pdftex.def)             Requested size: 188.02248pt x 93.92613pt.

c:/Users/aless/Desktop/TD_ale/TD/Es_09/presentazione/presentazione.tex:229: LaTeX Error: \caption outside figure or table.

See the LaTeX manual or LaTeX Companion for explanation.
Type  H <return>  for immediate help.
 ...                                              
                                                  
l.229 \end{frame}
                 
You're in trouble here.  Try typing  <return>  to proceed.
If that doesn't work, type  X <return>  to quit.


Overfull \vbox (3.51416pt too high) detected at line 229
 []



[9

]
File: schema_divisore_freq_task3.png Graphic file (type png)
<use schema_divisore_freq_task3.png>
Package pdftex.def Info: schema_divisore_freq_task3.png  used on input line 229.
(pdftex.def)             Requested size: 83.56483pt x 49.09093pt.


c:/Users/aless/Desktop/TD_ale/TD/Es_09/presentazione/presentazione.tex:229: LaTeX Error: \caption outside figure or table.

See the LaTeX manual or LaTeX Companion for explanation.
Type  H <return>  for immediate help.
 ...                                              
                                                  
l.229 \end{frame}
                 
You're in trouble here.  Try typing  <return>  to proceed.
If that doesn't work, type  X <return>  to quit.


LaTeX Font Warning: Font shape `T1/lmss/m/scit' undefined
(Font)              using `T1/lmss/m/sc' instead on input line 229.


LaTeX Font Warning: Font shape `T1/lmss/m/scit' undefined
(Font)              using `T1/lmss/m/sc' instead on input line 229.

c:/Users/aless/Desktop/TD_ale/TD/Es_09/presentazione/presentazione.tex:229: Undefined control sequence.
<argument> ...on due \FF {} D e porta \NAND /\AND 
                                                  \ di feedback.
l.229 \end{frame}
                 
The control sequence at the end of the top line
of your error message was never \def'ed. If you have
misspelled it (e.g., `\hobx'), type `I' and the correct
spelling (e.g., `I\hbox'). Otherwise just continue,
and I'll forget about whatever was undefined.

File: Divisore_fterzi.pdf Graphic file (type pdf)
<use Divisore_fterzi.pdf>
Package pdftex.def Info: Divisore_fterzi.pdf  used on input line 229.
(pdftex.def)             Requested size: 188.02248pt x 93.92613pt.

c:/Users/aless/Desktop/TD_ale/TD/Es_09/presentazione/presentazione.tex:229: LaTeX Error: \caption outside figure or table.

See the LaTeX manual or LaTeX Companion for explanation.
Type  H <return>  for immediate help.
 ...                                              
                                                  
l.229 \end{frame}
                 
You're in trouble here.  Try typing  <return>  to proceed.
If that doesn't work, type  X <return>  to quit.


Overfull \vbox (3.51416pt too high) detected at line 229
 []



[10

]

[11

]
<piedinatura_MC14557.png, id=160, 248.127pt x 244.5135pt>
File: piedinatura_MC14557.png Graphic file (type png)
<use piedinatura_MC14557.png>
Package pdftex.def Info: piedinatura_MC14557.png  used on input line 259.
(pdftex.def)             Requested size: 182.8017pt x 180.13872pt.


c:/Users/aless/Desktop/TD_ale/TD/Es_09/presentazione/presentazione.tex:259: LaTeX Error: \caption outside figure or table.

See the LaTeX manual or LaTeX Companion for explanation.
Type  H <return>  for immediate help.
 ...                                              
                                                  
l.259 \end{frame}
                 
You're in trouble here.  Try typing  <return>  to proceed.
If that doesn't work, type  X <return>  to quit.



[12

 <./piedinatura_MC14557.png>]
pdfTeX warning (ext4): destination with the same identifier (name{sec:shift}) has been already used, duplicate ignored
<to be read again> 
                   \relax 
l.259 \end{frame}
                 
File: piedinatura_MC14557.png Graphic file (type png)
<use piedinatura_MC14557.png>
Package pdftex.def Info: piedinatura_MC14557.png  used on input line 259.
(pdftex.def)             Requested size: 182.8017pt x 180.13872pt.


c:/Users/aless/Desktop/TD_ale/TD/Es_09/presentazione/presentazione.tex:259: LaTeX Error: \caption outside figure or table.

See the LaTeX manual or LaTeX Companion for explanation.
Type  H <return>  for immediate help.
 ...                                              
                                                  
l.259 \end{frame}
                 
You're in trouble here.  Try typing  <return>  to proceed.
If that doesn't work, type  X <return>  to quit.



[13

]
pdfTeX warning (ext4): destination with the same identifier (name{sec:shift}) has been already used, duplicate ignored
<to be read again> 
                   \relax 
l.259 \end{frame}
                 
File: piedinatura_MC14557.png Graphic file (type png)
<use piedinatura_MC14557.png>
Package pdftex.def Info: piedinatura_MC14557.png  used on input line 259.
(pdftex.def)             Requested size: 182.8017pt x 180.13872pt.


c:/Users/aless/Desktop/TD_ale/TD/Es_09/presentazione/presentazione.tex:259: LaTeX Error: \caption outside figure or table.

See the LaTeX manual or LaTeX Companion for explanation.
Type  H <return>  for immediate help.
 ...                                              
                                                  
l.259 \end{frame}
                 
You're in trouble here.  Try typing  <return>  to proceed.
If that doesn't work, type  X <return>  to quit.



[14

]
pdfTeX warning (ext4): destination with the same identifier (name{sec:shift}) has been already used, duplicate ignored
<to be read again> 
                   \relax 
l.259 \end{frame}
                 
File: piedinatura_MC14557.png Graphic file (type png)
<use piedinatura_MC14557.png>
Package pdftex.def Info: piedinatura_MC14557.png  used on input line 259.
(pdftex.def)             Requested size: 182.8017pt x 180.13872pt.


c:/Users/aless/Desktop/TD_ale/TD/Es_09/presentazione/presentazione.tex:259: LaTeX Error: \caption outside figure or table.

See the LaTeX manual or LaTeX Companion for explanation.
Type  H <return>  for immediate help.
 ...                                              
                                                  
l.259 \end{frame}
                 
You're in trouble here.  Try typing  <return>  to proceed.
If that doesn't work, type  X <return>  to quit.



[15

]
pdfTeX warning (ext4): destination with the same identifier (name{sec:shift}) has been already used, duplicate ignored
<to be read again> 
                   \relax 
l.259 \end{frame}
                 
File: piedinatura_MC14557.png Graphic file (type png)
<use piedinatura_MC14557.png>
Package pdftex.def Info: piedinatura_MC14557.png  used on input line 259.
(pdftex.def)             Requested size: 182.8017pt x 180.13872pt.


c:/Users/aless/Desktop/TD_ale/TD/Es_09/presentazione/presentazione.tex:259: LaTeX Error: \caption outside figure or table.

See the LaTeX manual or LaTeX Companion for explanation.
Type  H <return>  for immediate help.
 ...                                              
                                                  
l.259 \end{frame}
                 
You're in trouble here.  Try typing  <return>  to proceed.
If that doesn't work, type  X <return>  to quit.



[16

]

LaTeX Warning: File `reg_scorr_32bit.png' not found on input line 298.


c:/Users/aless/Desktop/TD_ale/TD/Es_09/presentazione/presentazione.tex:298: Package pdftex.def Error: File `reg_scorr_32bit.png' not found: using draft setting.

See the pdftex.def package documentation for explanation.
Type  H <return>  for immediate help.
 ...                                              
                                                  
l.298 \end{frame}
                 
Try typing  <return>  to proceed.
If that doesn't work, type  X <return>  to quit.

LaTeX Font Info:    Trying to load font information for T1+lmtt on input line 298.
(c:/texlive/2025/texmf-dist/tex/latex/lm/t1lmtt.fd
File: t1lmtt.fd 2015/05/01 v1.6.1 Font defs for Latin Modern
)
Package microtype Info: Loading generic protrusion settings for font family
(microtype)             `lmtt' (encoding: T1).
(microtype)             For optimal results, create family-specific settings.
(microtype)             See the microtype manual for details.


c:/Users/aless/Desktop/TD_ale/TD/Es_09/presentazione/presentazione.tex:298: LaTeX Error: \caption outside figure or table.

See the LaTeX manual or LaTeX Companion for explanation.
Type  H <return>  for immediate help.
 ...                                              
                                                  
l.298 \end{frame}
                 
You're in trouble here.  Try typing  <return>  to proceed.
If that doesn't work, type  X <return>  to quit.


LaTeX Warning: File `reg_scorr_64bit.png' not found on input line 298.


c:/Users/aless/Desktop/TD_ale/TD/Es_09/presentazione/presentazione.tex:298: Package pdftex.def Error: File `reg_scorr_64bit.png' not found: using draft setting.

See the pdftex.def package documentation for explanation.
Type  H <return>  for immediate help.
 ...                                              
                                                  
l.298 \end{frame}
                 
Try typing  <return>  to proceed.
If that doesn't work, type  X <return>  to quit.



[17

]

LaTeX Warning: File `reg_scorr_32bit.png' not found on input line 298.


c:/Users/aless/Desktop/TD_ale/TD/Es_09/presentazione/presentazione.tex:298: Package pdftex.def Error: File `reg_scorr_32bit.png' not found: using draft setting.

See the pdftex.def package documentation for explanation.
Type  H <return>  for immediate help.
 ...                                              
                                                  
l.298 \end{frame}
                 
Try typing  <return>  to proceed.
If that doesn't work, type  X <return>  to quit.


c:/Users/aless/Desktop/TD_ale/TD/Es_09/presentazione/presentazione.tex:298: LaTeX Error: \caption outside figure or table.

See the LaTeX manual or LaTeX Companion for explanation.
Type  H <return>  for immediate help.
 ...                                              
                                                  
l.298 \end{frame}
                 
You're in trouble here.  Try typing  <return>  to proceed.
If that doesn't work, type  X <return>  to quit.


LaTeX Warning: File `reg_scorr_64bit.png' not found on input line 298.


c:/Users/aless/Desktop/TD_ale/TD/Es_09/presentazione/presentazione.tex:298: Package pdftex.def Error: File `reg_scorr_64bit.png' not found: using draft setting.

See the pdftex.def package documentation for explanation.
Type  H <return>  for immediate help.
 ...                                              
                                                  
l.298 \end{frame}
                 
Try typing  <return>  to proceed.
If that doesn't work, type  X <return>  to quit.



[18

]

LaTeX Warning: File `reg_scorr_32bit.png' not found on input line 298.


c:/Users/aless/Desktop/TD_ale/TD/Es_09/presentazione/presentazione.tex:298: Package pdftex.def Error: File `reg_scorr_32bit.png' not found: using draft setting.

See the pdftex.def package documentation for explanation.
Type  H <return>  for immediate help.
 ...                                              
                                                  
l.298 \end{frame}
                 
Try typing  <return>  to proceed.
If that doesn't work, type  X <return>  to quit.


c:/Users/aless/Desktop/TD_ale/TD/Es_09/presentazione/presentazione.tex:298: LaTeX Error: \caption outside figure or table.

See the LaTeX manual or LaTeX Companion for explanation.
Type  H <return>  for immediate help.
 ...                                              
                                                  
l.298 \end{frame}
                 
You're in trouble here.  Try typing  <return>  to proceed.
If that doesn't work, type  X <return>  to quit.


LaTeX Warning: File `reg_scorr_64bit.png' not found on input line 298.


c:/Users/aless/Desktop/TD_ale/TD/Es_09/presentazione/presentazione.tex:298: Package pdftex.def Error: File `reg_scorr_64bit.png' not found: using draft setting.

See the pdftex.def package documentation for explanation.
Type  H <return>  for immediate help.
 ...                                              
                                                  
l.298 \end{frame}
                 
Try typing  <return>  to proceed.
If that doesn't work, type  X <return>  to quit.



[19

]

LaTeX Warning: File `reg_scorr_32bit.png' not found on input line 298.


c:/Users/aless/Desktop/TD_ale/TD/Es_09/presentazione/presentazione.tex:298: Package pdftex.def Error: File `reg_scorr_32bit.png' not found: using draft setting.

See the pdftex.def package documentation for explanation.
Type  H <return>  for immediate help.
 ...                                              
                                                  
l.298 \end{frame}
                 
Try typing  <return>  to proceed.
If that doesn't work, type  X <return>  to quit.


c:/Users/aless/Desktop/TD_ale/TD/Es_09/presentazione/presentazione.tex:298: LaTeX Error: \caption outside figure or table.

See the LaTeX manual or LaTeX Companion for explanation.
Type  H <return>  for immediate help.
 ...                                              
                                                  
l.298 \end{frame}
                 
You're in trouble here.  Try typing  <return>  to proceed.
If that doesn't work, type  X <return>  to quit.


LaTeX Warning: File `reg_scorr_64bit.png' not found on input line 298.


c:/Users/aless/Desktop/TD_ale/TD/Es_09/presentazione/presentazione.tex:298: Package pdftex.def Error: File `reg_scorr_64bit.png' not found: using draft setting.

See the pdftex.def package documentation for explanation.
Type  H <return>  for immediate help.
 ...                                              
                                                  
l.298 \end{frame}
                 
Try typing  <return>  to proceed.
If that doesn't work, type  X <return>  to quit.



[20

]

LaTeX Warning: File `reg_scorr_32bit.png' not found on input line 298.


c:/Users/aless/Desktop/TD_ale/TD/Es_09/presentazione/presentazione.tex:298: Package pdftex.def Error: File `reg_scorr_32bit.png' not found: using draft setting.

See the pdftex.def package documentation for explanation.
Type  H <return>  for immediate help.
 ...                                              
                                                  
l.298 \end{frame}
                 
Try typing  <return>  to proceed.
If that doesn't work, type  X <return>  to quit.


c:/Users/aless/Desktop/TD_ale/TD/Es_09/presentazione/presentazione.tex:298: LaTeX Error: \caption outside figure or table.

See the LaTeX manual or LaTeX Companion for explanation.
Type  H <return>  for immediate help.
 ...                                              
                                                  
l.298 \end{frame}
                 
You're in trouble here.  Try typing  <return>  to proceed.
If that doesn't work, type  X <return>  to quit.


LaTeX Warning: File `reg_scorr_64bit.png' not found on input line 298.


c:/Users/aless/Desktop/TD_ale/TD/Es_09/presentazione/presentazione.tex:298: Package pdftex.def Error: File `reg_scorr_64bit.png' not found: using draft setting.

See the pdftex.def package documentation for explanation.
Type  H <return>  for immediate help.
 ...                                              
                                                  
l.298 \end{frame}
                 
Try typing  <return>  to proceed.
If that doesn't work, type  X <return>  to quit.



[21

]

[22

]
LaTeX Font Info:    Trying to load font information for TS1+lmss on input line 309.
 (c:/texlive/2025/texmf-dist/tex/latex/lm/ts1lmss.fd
File: ts1lmss.fd 2015/05/01 v1.6.1 Font defs for Latin Modern
)
Package microtype Info: Loading generic protrusion settings for font family
(microtype)             `lmss' (encoding: TS1).
(microtype)             For optimal results, create family-specific settings.
(microtype)             See the microtype manual for details.
<Circuito_realizzato_task8_conCavetto.jpg, id=230, 1166.3575pt x 2262.4525pt>
File: Circuito_realizzato_task8_conCavetto.jpg Graphic file (type jpg)
<use Circuito_realizzato_task8_conCavetto.jpg>
Package pdftex.def Info: Circuito_realizzato_task8_conCavetto.jpg  used on input line 309.
(pdftex.def)             Requested size: 174.09496pt x 337.69617pt.


[23

{c:/texlive/2025/texmf-dist/fonts/enc/dvips/lm/lm-ts1.enc} <./Circuito_realizzato_task8_conCavetto.jpg>]

LaTeX Warning: File `download.png' not found on input line 364.


c:/Users/aless/Desktop/TD_ale/TD/Es_09/presentazione/presentazione.tex:364: Package pdftex.def Error: File `download.png' not found: using draft setting.

See the pdftex.def package documentation for explanation.
Type  H <return>  for immediate help.
 ...                                              
                                                  
l.364 \end{frame}
                 
Try typing  <return>  to proceed.
If that doesn't work, type  X <return>  to quit.

<task8_4bit_wire.png, id=239, 1313.1459pt x 695.2374pt>
File: task8_4bit_wire.png Graphic file (type png)
<use task8_4bit_wire.png>
Package pdftex.def Info: task8_4bit_wire.png  used on input line 364.
(pdftex.def)             Requested size: 161.73839pt x 85.63144pt.

c:/Users/aless/Desktop/TD_ale/TD/Es_09/presentazione/presentazione.tex:364: LaTeX Error: \caption outside figure or table.

See the LaTeX manual or LaTeX Companion for explanation.
Type  H <return>  for immediate help.
 ...                                              
                                                  
l.364 \end{frame}
                 
You're in trouble here.  Try typing  <return>  to proceed.
If that doesn't work, type  X <return>  to quit.



[24

 <./task8_4bit_wire.png>]

LaTeX Warning: File `download.png' not found on input line 364.


c:/Users/aless/Desktop/TD_ale/TD/Es_09/presentazione/presentazione.tex:364: Package pdftex.def Error: File `download.png' not found: using draft setting.

See the pdftex.def package documentation for explanation.
Type  H <return>  for immediate help.
 ...                                              
                                                  
l.364 \end{frame}
                 
Try typing  <return>  to proceed.
If that doesn't work, type  X <return>  to quit.

File: task8_4bit_wire.png Graphic file (type png)
<use task8_4bit_wire.png>
Package pdftex.def Info: task8_4bit_wire.png  used on input line 364.
(pdftex.def)             Requested size: 161.73839pt x 85.63144pt.

c:/Users/aless/Desktop/TD_ale/TD/Es_09/presentazione/presentazione.tex:364: LaTeX Error: \caption outside figure or table.

See the LaTeX manual or LaTeX Companion for explanation.
Type  H <return>  for immediate help.
 ...                                              
                                                  
l.364 \end{frame}
                 
You're in trouble here.  Try typing  <return>  to proceed.
If that doesn't work, type  X <return>  to quit.



[25

]

LaTeX Warning: File `download.png' not found on input line 364.


c:/Users/aless/Desktop/TD_ale/TD/Es_09/presentazione/presentazione.tex:364: Package pdftex.def Error: File `download.png' not found: using draft setting.

See the pdftex.def package documentation for explanation.
Type  H <return>  for immediate help.
 ...                                              
                                                  
l.364 \end{frame}
                 
Try typing  <return>  to proceed.
If that doesn't work, type  X <return>  to quit.

File: task8_4bit_wire.png Graphic file (type png)
<use task8_4bit_wire.png>
Package pdftex.def Info: task8_4bit_wire.png  used on input line 364.
(pdftex.def)             Requested size: 161.73839pt x 85.63144pt.

c:/Users/aless/Desktop/TD_ale/TD/Es_09/presentazione/presentazione.tex:364: LaTeX Error: \caption outside figure or table.

See the LaTeX manual or LaTeX Companion for explanation.
Type  H <return>  for immediate help.
 ...                                              
                                                  
l.364 \end{frame}
                 
You're in trouble here.  Try typing  <return>  to proceed.
If that doesn't work, type  X <return>  to quit.



[26

]

LaTeX Warning: File `download.png' not found on input line 364.


c:/Users/aless/Desktop/TD_ale/TD/Es_09/presentazione/presentazione.tex:364: Package pdftex.def Error: File `download.png' not found: using draft setting.

See the pdftex.def package documentation for explanation.
Type  H <return>  for immediate help.
 ...                                              
                                                  
l.364 \end{frame}
                 
Try typing  <return>  to proceed.
If that doesn't work, type  X <return>  to quit.

File: task8_4bit_wire.png Graphic file (type png)
<use task8_4bit_wire.png>
Package pdftex.def Info: task8_4bit_wire.png  used on input line 364.
(pdftex.def)             Requested size: 161.73839pt x 85.63144pt.

c:/Users/aless/Desktop/TD_ale/TD/Es_09/presentazione/presentazione.tex:364: LaTeX Error: \caption outside figure or table.

See the LaTeX manual or LaTeX Companion for explanation.
Type  H <return>  for immediate help.
 ...                                              
                                                  
l.364 \end{frame}
                 
You're in trouble here.  Try typing  <return>  to proceed.
If that doesn't work, type  X <return>  to quit.



[27

]
<clock_campionato.png, id=276, 359.9046pt x 149.358pt>
File: clock_campionato.png Graphic file (type png)
<use clock_campionato.png>
Package pdftex.def Info: clock_campionato.png  used on input line 404.
(pdftex.def)             Requested size: 208.91528pt x 86.7006pt.


c:/Users/aless/Desktop/TD_ale/TD/Es_09/presentazione/presentazione.tex:404: LaTeX Error: \caption outside figure or table.

See the LaTeX manual or LaTeX Companion for explanation.
Type  H <return>  for immediate help.
 ...                                              
                                                  
l.404 \end{frame}
                 
You're in trouble here.  Try typing  <return>  to proceed.
If that doesn't work, type  X <return>  to quit.

<ch2_campionato.png, id=277, 347.3778pt x 143.0946pt>
File: ch2_campionato.png Graphic file (type png)
<use ch2_campionato.png>
Package pdftex.def Info: ch2_campionato.png  used on input line 404.
(pdftex.def)             Requested size: 208.91528pt x 86.05829pt.

c:/Users/aless/Desktop/TD_ale/TD/Es_09/presentazione/presentazione.tex:404: LaTeX Error: \caption outside figure or table.

See the LaTeX manual or LaTeX Companion for explanation.
Type  H <return>  for immediate help.
 ...                                              
                                                  
l.404 \end{frame}
                 
You're in trouble here.  Try typing  <return>  to proceed.
If that doesn't work, type  X <return>  to quit.



[28

 <./clock_campionato.png (PNG copy)> <./ch2_campionato.png (PNG copy)>]
File: clock_campionato.png Graphic file (type png)
<use clock_campionato.png>
Package pdftex.def Info: clock_campionato.png  used on input line 404.
(pdftex.def)             Requested size: 208.91528pt x 86.7006pt.


c:/Users/aless/Desktop/TD_ale/TD/Es_09/presentazione/presentazione.tex:404: LaTeX Error: \caption outside figure or table.

See the LaTeX manual or LaTeX Companion for explanation.
Type  H <return>  for immediate help.
 ...                                              
                                                  
l.404 \end{frame}
                 
You're in trouble here.  Try typing  <return>  to proceed.
If that doesn't work, type  X <return>  to quit.

File: ch2_campionato.png Graphic file (type png)
<use ch2_campionato.png>
Package pdftex.def Info: ch2_campionato.png  used on input line 404.
(pdftex.def)             Requested size: 208.91528pt x 86.05829pt.

c:/Users/aless/Desktop/TD_ale/TD/Es_09/presentazione/presentazione.tex:404: LaTeX Error: \caption outside figure or table.

See the LaTeX manual or LaTeX Companion for explanation.
Type  H <return>  for immediate help.
 ...                                              
                                                  
l.404 \end{frame}
                 
You're in trouble here.  Try typing  <return>  to proceed.
If that doesn't work, type  X <return>  to quit.



[29

]
<1bit_campionato.png, id=299, 347.3778pt x 143.0946pt>
File: 1bit_campionato.png Graphic file (type png)
<use 1bit_campionato.png>
Package pdftex.def Info: 1bit_campionato.png  used on input line 465.
(pdftex.def)             Requested size: 208.91528pt x 86.05829pt.
<task8_1bit_wire.png, id=300, 1313.1459pt x 695.2374pt>
File: task8_1bit_wire.png Graphic file (type png)
<use task8_1bit_wire.png>
Package pdftex.def Info: task8_1bit_wire.png  used on input line 465.
(pdftex.def)             Requested size: 208.91528pt x 110.60374pt.


[30

 <./1bit_campionato.png (PNG copy)> <./task8_1bit_wire.png>]
<2bit_campionato.png, id=307, 347.3778pt x 143.0946pt>
File: 2bit_campionato.png Graphic file (type png)
<use 2bit_campionato.png>
Package pdftex.def Info: 2bit_campionato.png  used on input line 465.
(pdftex.def)             Requested size: 208.91528pt x 86.05829pt.
<task8_2bit_wire.png, id=308, 1313.1459pt x 695.2374pt>
File: task8_2bit_wire.png Graphic file (type png)
<use task8_2bit_wire.png>
Package pdftex.def Info: task8_2bit_wire.png  used on input line 465.
(pdftex.def)             Requested size: 208.91528pt x 110.60374pt.


[31

 <./2bit_campionato.png (PNG copy)> <./task8_2bit_wire.png>]
<3bit_campionato.png, id=316, 340.6326pt x 143.0946pt>
File: 3bit_campionato.png Graphic file (type png)
<use 3bit_campionato.png>
Package pdftex.def Info: 3bit_campionato.png  used on input line 465.
(pdftex.def)             Requested size: 208.91528pt x 87.76355pt.
<task8_3bit_wire.png, id=317, 1313.1459pt x 695.2374pt>
File: task8_3bit_wire.png Graphic file (type png)
<use task8_3bit_wire.png>
Package pdftex.def Info: task8_3bit_wire.png  used on input line 465.
(pdftex.def)             Requested size: 208.91528pt x 110.60374pt.


[32

 <./3bit_campionato.png (PNG copy)> <./task8_3bit_wire.png>]
File: ch2_campionato.png Graphic file (type png)
<use ch2_campionato.png>
Package pdftex.def Info: ch2_campionato.png  used on input line 465.
(pdftex.def)             Requested size: 208.91528pt x 86.05829pt.
<task8_4bit_wire_nuove.png, id=324, 722.7pt x 433.62pt>
File: task8_4bit_wire_nuove.png Graphic file (type png)
<use task8_4bit_wire_nuove.png>
Package pdftex.def Info: task8_4bit_wire_nuove.png  used on input line 465.
(pdftex.def)             Requested size: 208.91528pt x 125.34958pt.


[33

 <./task8_4bit_wire_nuove.png>]
<5bit_campionato.png, id=332, 343.0416pt x 143.0946pt>
File: 5bit_campionato.png Graphic file (type png)
<use 5bit_campionato.png>
Package pdftex.def Info: 5bit_campionato.png  used on input line 465.
(pdftex.def)             Requested size: 208.91528pt x 87.14783pt.
<task8_5bit_wire.png, id=333, 1313.1459pt x 695.2374pt>
File: task8_5bit_wire.png Graphic file (type png)
<use task8_5bit_wire.png>
Package pdftex.def Info: task8_5bit_wire.png  used on input line 465.
(pdftex.def)             Requested size: 208.91528pt x 110.60374pt.


[34

 <./5bit_campionato.png (PNG copy)> <./task8_5bit_wire.png>]

[35

]

[36

]

[37

]

[38

]
Overfull \vbox (6.23557pt too high) detected at line 532
 []



[39

]
Overfull \vbox (6.23557pt too high) detected at line 532
 []



[40

]
Overfull \vbox (6.23557pt too high) detected at line 532
 []



[41

]
Overfull \vbox (6.23557pt too high) detected at line 532
 []



[42

]
Overfull \vbox (6.23557pt too high) detected at line 532
 []



[43

]
Overfull \vbox (6.23557pt too high) detected at line 532
 []



[44

]
Overfull \vbox (6.23557pt too high) detected at line 532
 []



[45

]
Overfull \vbox (6.23557pt too high) detected at line 532
 []



[46

]
Overfull \vbox (6.23557pt too high) detected at line 532
 []



[47

]
Overfull \vbox (6.23557pt too high) detected at line 532
 []



[48

]
<task10_misura1.png, id=680, 866.5173pt x 432.8973pt>
File: task10_misura1.png Graphic file (type png)
<use task10_misura1.png>
Package pdftex.def Info: task10_misura1.png  used on input line 558.
(pdftex.def)             Requested size: 208.91528pt x 104.36646pt.


c:/Users/aless/Desktop/TD_ale/TD/Es_09/presentazione/presentazione.tex:558: LaTeX Error: \caption outside figure or table.

See the LaTeX manual or LaTeX Companion for explanation.
Type  H <return>  for immediate help.
 ...                                              
                                                  
l.558 \end{frame}
                 
You're in trouble here.  Try typing  <return>  to proceed.
If that doesn't work, type  X <return>  to quit.



[49

 <./task10_misura1.png>]
File: task10_misura1.png Graphic file (type png)
<use task10_misura1.png>
Package pdftex.def Info: task10_misura1.png  used on input line 558.
(pdftex.def)             Requested size: 208.91528pt x 104.36646pt.


c:/Users/aless/Desktop/TD_ale/TD/Es_09/presentazione/presentazione.tex:558: LaTeX Error: \caption outside figure or table.

See the LaTeX manual or LaTeX Companion for explanation.
Type  H <return>  for immediate help.
 ...                                              
                                                  
l.558 \end{frame}
                 
You're in trouble here.  Try typing  <return>  to proceed.
If that doesn't work, type  X <return>  to quit.



[50

]
File: task10_misura1.png Graphic file (type png)
<use task10_misura1.png>
Package pdftex.def Info: task10_misura1.png  used on input line 558.
(pdftex.def)             Requested size: 208.91528pt x 104.36646pt.


c:/Users/aless/Desktop/TD_ale/TD/Es_09/presentazione/presentazione.tex:558: LaTeX Error: \caption outside figure or table.

See the LaTeX manual or LaTeX Companion for explanation.
Type  H <return>  for immediate help.
 ...                                              
                                                  
l.558 \end{frame}
                 
You're in trouble here.  Try typing  <return>  to proceed.
If that doesn't work, type  X <return>  to quit.



[51

]
File: task10_misura1.png Graphic file (type png)
<use task10_misura1.png>
Package pdftex.def Info: task10_misura1.png  used on input line 558.
(pdftex.def)             Requested size: 208.91528pt x 104.36646pt.


c:/Users/aless/Desktop/TD_ale/TD/Es_09/presentazione/presentazione.tex:558: LaTeX Error: \caption outside figure or table.

See the LaTeX manual or LaTeX Companion for explanation.
Type  H <return>  for immediate help.
 ...                                              
                                                  
l.558 \end{frame}
                 
You're in trouble here.  Try typing  <return>  to proceed.
If that doesn't work, type  X <return>  to quit.



[52

]
<task10_misura2.png, id=716, 866.5173pt x 432.8973pt>
File: task10_misura2.png Graphic file (type png)
<use task10_misura2.png>
Package pdftex.def Info: task10_misura2.png  used on input line 588.
(pdftex.def)             Requested size: 217.62202pt x 108.71947pt.


c:/Users/aless/Desktop/TD_ale/TD/Es_09/presentazione/presentazione.tex:588: LaTeX Error: \caption outside figure or table.

See the LaTeX manual or LaTeX Companion for explanation.
Type  H <return>  for immediate help.
 ...                                              
                                                  
l.588 \end{frame}
                 
You're in trouble here.  Try typing  <return>  to proceed.
If that doesn't work, type  X <return>  to quit.

<task10_misura2_1.png, id=717, 866.5173pt x 432.8973pt>
File: task10_misura2_1.png Graphic file (type png)
<use task10_misura2_1.png>
Package pdftex.def Info: task10_misura2_1.png  used on input line 588.
(pdftex.def)             Requested size: 217.62202pt x 108.71947pt.

c:/Users/aless/Desktop/TD_ale/TD/Es_09/presentazione/presentazione.tex:588: LaTeX Error: \caption outside figure or table.

See the LaTeX manual or LaTeX Companion for explanation.
Type  H <return>  for immediate help.
 ...                                              
                                                  
l.588 \end{frame}
                 
You're in trouble here.  Try typing  <return>  to proceed.
If that doesn't work, type  X <return>  to quit.


Overfull \vbox (9.7979pt too high) detected at line 588
 []



[53

 <./task10_misura2.png> <./task10_misura2_1.png>]
File: task10_misura2.png Graphic file (type png)
<use task10_misura2.png>
Package pdftex.def Info: task10_misura2.png  used on input line 588.
(pdftex.def)             Requested size: 217.62202pt x 108.71947pt.


c:/Users/aless/Desktop/TD_ale/TD/Es_09/presentazione/presentazione.tex:588: LaTeX Error: \caption outside figure or table.

See the LaTeX manual or LaTeX Companion for explanation.
Type  H <return>  for immediate help.
 ...                                              
                                                  
l.588 \end{frame}
                 
You're in trouble here.  Try typing  <return>  to proceed.
If that doesn't work, type  X <return>  to quit.

File: task10_misura2_1.png Graphic file (type png)
<use task10_misura2_1.png>
Package pdftex.def Info: task10_misura2_1.png  used on input line 588.
(pdftex.def)             Requested size: 217.62202pt x 108.71947pt.

c:/Users/aless/Desktop/TD_ale/TD/Es_09/presentazione/presentazione.tex:588: LaTeX Error: \caption outside figure or table.

See the LaTeX manual or LaTeX Companion for explanation.
Type  H <return>  for immediate help.
 ...                                              
                                                  
l.588 \end{frame}
                 
You're in trouble here.  Try typing  <return>  to proceed.
If that doesn't work, type  X <return>  to quit.


Overfull \vbox (9.7979pt too high) detected at line 588
 []



[54

]
File: task10_misura2.png Graphic file (type png)
<use task10_misura2.png>
Package pdftex.def Info: task10_misura2.png  used on input line 588.
(pdftex.def)             Requested size: 217.62202pt x 108.71947pt.


c:/Users/aless/Desktop/TD_ale/TD/Es_09/presentazione/presentazione.tex:588: LaTeX Error: \caption outside figure or table.

See the LaTeX manual or LaTeX Companion for explanation.
Type  H <return>  for immediate help.
 ...                                              
                                                  
l.588 \end{frame}
                 
You're in trouble here.  Try typing  <return>  to proceed.
If that doesn't work, type  X <return>  to quit.

File: task10_misura2_1.png Graphic file (type png)
<use task10_misura2_1.png>
Package pdftex.def Info: task10_misura2_1.png  used on input line 588.
(pdftex.def)             Requested size: 217.62202pt x 108.71947pt.

c:/Users/aless/Desktop/TD_ale/TD/Es_09/presentazione/presentazione.tex:588: LaTeX Error: \caption outside figure or table.

See the LaTeX manual or LaTeX Companion for explanation.
Type  H <return>  for immediate help.
 ...                                              
                                                  
l.588 \end{frame}
                 
You're in trouble here.  Try typing  <return>  to proceed.
If that doesn't work, type  X <return>  to quit.


Overfull \vbox (9.7979pt too high) detected at line 588
 []



[55

]
<6bit_campionato.png, id=766, 353.1594pt x 143.0946pt>
File: 6bit_campionato.png Graphic file (type png)
<use 6bit_campionato.png>
Package pdftex.def Info: 6bit_campionato.png  used on input line 632.
(pdftex.def)             Requested size: 208.91528pt x 84.64778pt.


c:/Users/aless/Desktop/TD_ale/TD/Es_09/presentazione/presentazione.tex:632: LaTeX Error: \caption outside figure or table.

See the LaTeX manual or LaTeX Companion for explanation.
Type  H <return>  for immediate help.
 ...                                              
                                                  
l.632 \end{frame}
                 
You're in trouble here.  Try typing  <return>  to proceed.
If that doesn't work, type  X <return>  to quit.


Overfull \vbox (10.33734pt too high) detected at line 632
 []



[56

 <./6bit_campionato.png (PNG copy)>]
File: 6bit_campionato.png Graphic file (type png)
<use 6bit_campionato.png>
Package pdftex.def Info: 6bit_campionato.png  used on input line 632.
(pdftex.def)             Requested size: 208.91528pt x 84.64778pt.


c:/Users/aless/Desktop/TD_ale/TD/Es_09/presentazione/presentazione.tex:632: LaTeX Error: \caption outside figure or table.

See the LaTeX manual or LaTeX Companion for explanation.
Type  H <return>  for immediate help.
 ...                                              
                                                  
l.632 \end{frame}
                 
You're in trouble here.  Try typing  <return>  to proceed.
If that doesn't work, type  X <return>  to quit.


Overfull \vbox (10.33734pt too high) detected at line 632
 []



[57

]
File: 6bit_campionato.png Graphic file (type png)
<use 6bit_campionato.png>
Package pdftex.def Info: 6bit_campionato.png  used on input line 632.
(pdftex.def)             Requested size: 208.91528pt x 84.64778pt.


c:/Users/aless/Desktop/TD_ale/TD/Es_09/presentazione/presentazione.tex:632: LaTeX Error: \caption outside figure or table.

See the LaTeX manual or LaTeX Companion for explanation.
Type  H <return>  for immediate help.
 ...                                              
                                                  
l.632 \end{frame}
                 
You're in trouble here.  Try typing  <return>  to proceed.
If that doesn't work, type  X <return>  to quit.


Overfull \vbox (10.33734pt too high) detected at line 632
 []



[58

]
File: 6bit_campionato.png Graphic file (type png)
<use 6bit_campionato.png>
Package pdftex.def Info: 6bit_campionato.png  used on input line 632.
(pdftex.def)             Requested size: 208.91528pt x 84.64778pt.


c:/Users/aless/Desktop/TD_ale/TD/Es_09/presentazione/presentazione.tex:632: LaTeX Error: \caption outside figure or table.

See the LaTeX manual or LaTeX Companion for explanation.
Type  H <return>  for immediate help.
 ...                                              
                                                  
l.632 \end{frame}
                 
You're in trouble here.  Try typing  <return>  to proceed.
If that doesn't work, type  X <return>  to quit.


Overfull \vbox (10.33734pt too high) detected at line 632
 []



[59

]

[60

]

[61

]

[62

]

[63

]
\tf@nav=\write6
\openout6 = `presentazione.nav'.

\tf@toc=\write7
\openout7 = `presentazione.toc'.

\tf@snm=\write8
\openout8 = `presentazione.snm'.

 (./presentazione.aux)
 ***********
LaTeX2e <2025-06-01> patch level 1
L3 programming layer <2025-09-02>
 ***********


LaTeX Warning: Label(s) may have changed. Rerun to get cross-references right.


Package rerunfilecheck Warning: File `presentazione.out' has changed.
(rerunfilecheck)                Rerun to get outlines right
(rerunfilecheck)                or use package `bookmark'.

Package rerunfilecheck Info: Checksums for `presentazione.out':
(rerunfilecheck)             Before: <no file>
(rerunfilecheck)             After:  7FB89296E454844365F60A62414D2B3F;801.
 ) 
Here is how much of TeX's memory you used:
 32812 strings out of 467748
 679914 string characters out of 5431137
 1081722 words of memory out of 5000000
 60646 multiletter control sequences out of 15000+600000
 723462 words of font info for 160 fonts, out of 8000000 for 9000
 1141 hyphenation exceptions out of 8191
 128i,13n,123p,1063b,1060s stack positions out of 10000i,1000n,20000p,200000b,200000s
<c:/texlive/2025/texmf-dist/fonts/type1/public/lm/lmcsc10.pfb><c:/texlive/2025/texmf-dist/fonts/type1/public/lm/lmmi10.pfb><c:/texlive/2025/texmf-dist/fonts/type1/public/lm/lmmi7.pfb><c:/texlive/2025/texmf-dist/fonts/type1/public/lm/lmmi9.pfb><c:/texlive/2025/texmf-dist/fonts/type1/public/lm/lmr6.pfb><c:/texlive/2025/texmf-dist/fonts/type1/public/lm/lmr7.pfb><c:/texlive/2025/texmf-dist/fonts/type1/public/lm/lmss10.pfb><c:/texlive/2025/texmf-dist/fonts/type1/public/lm/lmss12.pfb><c:/texlive/2025/texmf-dist/fonts/type1/public/lm/lmss8.pfb><c:/texlive/2025/texmf-dist/fonts/type1/public/lm/lmss9.pfb><c:/texlive/2025/texmf-dist/fonts/type1/public/lm/lmssbx10.pfb><c:/texlive/2025/texmf-dist/fonts/type1/public/lm/lmsso10.pfb><c:/texlive/2025/texmf-dist/fonts/type1/public/lm/lmsso8.pfb><c:/texlive/2025/texmf-dist/fonts/type1/public/lm/lmsso9.pfb><c:/texlive/2025/texmf-dist/fonts/type1/public/lm/lmsy10.pfb><c:/texlive/2025/texmf-dist/fonts/type1/public/lm/lmsy9.pfb><c:/texlive/2025/texmf-dist/fonts/type1/public/lm/lmtt10.pfb>
Output written on presentazione.pdf (63 pages, 2771349 bytes).
PDF statistics:
 971 PDF objects out of 1000 (max. 8388607)
 608 compressed objects within 7 object streams
 139 named destinations out of 1000 (max. 500000)
 63364 words of extra memory for PDF output out of 74296 (max. 10000000)

